Started GET "/" for 127.0.0.1 at 2022-11-24 17:56:04 +0300
Processing by Rails::WelcomeController#index as HTML
  Rendering /home/denis/.rbenv/versions/3.1.2/lib/ruby/gems/3.1.0/gems/railties-7.0.4/lib/rails/templates/rails/welcome/index.html.erb
  Rendered /home/denis/.rbenv/versions/3.1.2/lib/ruby/gems/3.1.0/gems/railties-7.0.4/lib/rails/templates/rails/welcome/index.html.erb (Duration: 2.4ms | Allocations: 633)
Completed 200 OK in 19ms (Views: 8.3ms | ActiveRecord: 0.0ms | Allocations: 4994)


Started GET "/" for 127.0.0.1 at 2022-12-02 10:44:07 +0300
Processing by PagesController#index as HTML
Completed 500 Internal Server Error in 50ms (ActiveRecord: 0.0ms | Allocations: 4216)


  
ActionView::MissingTemplate (Missing template pages/index with {:locale=>[:en], :formats=>[:html], :variants=>[], :handlers=>[:raw, :erb, :html, :builder, :ruby, :jbuilder]}.

Searched in:
  * "/home/denis/proj/rails/Myapp/app/views"
  * "/home/denis/.rbenv/versions/3.1.2/lib/ruby/gems/3.1.0/gems/actiontext-7.0.4/app/views"
  * "/home/denis/.rbenv/versions/3.1.2/lib/ruby/gems/3.1.0/gems/actionmailbox-7.0.4/app/views"

Did you mean?  layouts/pages/index
               rails/conductor/action_mailbox/inbound_emails/index
               layouts/mailer
               layouts/rails/conductor
               rails/conductor/action_mailbox/inbound_emails/new
               layouts/application):
  
app/controllers/pages_controller.rb:3:in `index'
Started GET "/" for 127.0.0.1 at 2022-12-02 10:46:55 +0300
Processing by PagesController#index as HTML
Completed 500 Internal Server Error in 3ms (ActiveRecord: 0.0ms | Allocations: 1540)


  
ActionView::MissingTemplate (Missing template pages/index with {:locale=>[:en], :formats=>[:html], :variants=>[], :handlers=>[:raw, :erb, :html, :builder, :ruby, :jbuilder]}.

Searched in:
  * "/home/denis/proj/rails/Myapp/app/views"
  * "/home/denis/.rbenv/versions/3.1.2/lib/ruby/gems/3.1.0/gems/actiontext-7.0.4/app/views"
  * "/home/denis/.rbenv/versions/3.1.2/lib/ruby/gems/3.1.0/gems/actionmailbox-7.0.4/app/views"

Did you mean?  layouts/pages/index
               rails/conductor/action_mailbox/inbound_emails/index
               layouts/mailer
               layouts/rails/conductor
               rails/conductor/action_mailbox/inbound_emails/new
               layouts/application):
  
app/controllers/pages_controller.rb:3:in `index'
Started GET "/" for 127.0.0.1 at 2022-12-02 10:47:53 +0300
Processing by PagesController#index as HTML
Completed 500 Internal Server Error in 9ms (Allocations: 1556)


  
ActionView::MissingTemplate (Missing template pages/pages#index, application/pages#index with {:locale=>[:en], :formats=>[:html], :variants=>[], :handlers=>[:raw, :erb, :html, :builder, :ruby, :jbuilder]}.

Searched in:
  * "/home/denis/proj/rails/Myapp/app/views"
  * "/home/denis/.rbenv/versions/3.1.2/lib/ruby/gems/3.1.0/gems/actiontext-7.0.4/app/views"
  * "/home/denis/.rbenv/versions/3.1.2/lib/ruby/gems/3.1.0/gems/actionmailbox-7.0.4/app/views"

Did you mean?  layouts/application
               layouts/mailer
               rails/conductor/action_mailbox/inbound_emails/new
               rails/conductor/action_mailbox/inbound_emails/sources/new
               rails/conductor/action_mailbox/inbound_emails/show
               rails/conductor/action_mailbox/inbound_emails/index):
  
app/controllers/pages_controller.rb:3:in `index'
Started GET "/" for 127.0.0.1 at 2022-12-02 10:48:24 +0300
Processing by PagesController#index as HTML
Completed 500 Internal Server Error in 3ms (Allocations: 1430)


  
ActionView::MissingTemplate (Missing template pages/index with {:locale=>[:en], :formats=>[:html], :variants=>[], :handlers=>[:raw, :erb, :html, :builder, :ruby, :jbuilder]}.

Searched in:
  * "/home/denis/proj/rails/Myapp/app/views"
  * "/home/denis/.rbenv/versions/3.1.2/lib/ruby/gems/3.1.0/gems/actiontext-7.0.4/app/views"
  * "/home/denis/.rbenv/versions/3.1.2/lib/ruby/gems/3.1.0/gems/actionmailbox-7.0.4/app/views"

Did you mean?  layouts/pages/index
               rails/conductor/action_mailbox/inbound_emails/index
               layouts/mailer
               layouts/rails/conductor
               rails/conductor/action_mailbox/inbound_emails/new
               layouts/application):
  
app/controllers/pages_controller.rb:3:in `index'
Started GET "/" for 127.0.0.1 at 2022-12-02 10:50:27 +0300
Processing by PagesController#index as HTML
  Rendering layout layouts/application.html.erb
  Rendering pages/index.html.erb within layouts/application
  Rendered pages/index.html.erb within layouts/application (Duration: 0.5ms | Allocations: 156)
  Rendered layout layouts/application.html.erb (Duration: 260.1ms | Allocations: 58196)
Completed 200 OK in 262ms (Views: 262.1ms | Allocations: 59117)


Started GET "/" for 127.0.0.1 at 2022-12-02 10:50:46 +0300
Processing by PagesController#index as HTML
  Rendering layout layouts/application.html.erb
  Rendering pages/index.html.erb within layouts/application
  Rendered pages/index.html.erb within layouts/application (Duration: 0.9ms | Allocations: 156)
  Rendered layout layouts/application.html.erb (Duration: 8.2ms | Allocations: 3051)
Completed 200 OK in 18ms (Views: 17.4ms | Allocations: 3846)


Started GET "/" for 127.0.0.1 at 2022-12-02 10:58:34 +0300
Processing by PagesController#index as HTML
  Rendering layout layouts/application.html.erb
  Rendering pages/index.html.erb within layouts/application
  Rendered pages/index.html.erb within layouts/application (Duration: 2.1ms | Allocations: 377)
  Rendered layout layouts/application.html.erb (Duration: 61.3ms | Allocations: 13548)
Completed 200 OK in 83ms (Views: 67.8ms | ActiveRecord: 0.0ms | Allocations: 16815)


Started GET "/" for 127.0.0.1 at 2022-12-02 10:59:39 +0300
Processing by PagesController#index as HTML
  Rendering layout layouts/application.html.erb
  Rendering pages/index.html.erb within layouts/application
  Rendered pages/index.html.erb within layouts/application (Duration: 0.9ms | Allocations: 158)
  Rendered layout layouts/application.html.erb (Duration: 7.1ms | Allocations: 3040)
Completed 200 OK in 11ms (Views: 10.0ms | ActiveRecord: 0.0ms | Allocations: 3888)


  [1m[35m (10.2ms)[0m  [1m[35mCREATE TABLE "schema_migrations" ("version" varchar NOT NULL PRIMARY KEY)[0m
  [1m[35m (6.2ms)[0m  [1m[35mCREATE TABLE "ar_internal_metadata" ("key" varchar NOT NULL PRIMARY KEY, "value" varchar, "created_at" datetime(6) NOT NULL, "updated_at" datetime(6) NOT NULL)[0m
  [1m[36mActiveRecord::SchemaMigration Pluck (0.2ms)[0m  [1m[34mSELECT "schema_migrations"."version" FROM "schema_migrations" ORDER BY "schema_migrations"."version" ASC[0m
Migrating to CreateQuestions (20221202095326)
  [1m[36mTRANSACTION (0.1ms)[0m  [1m[36mbegin transaction[0m
  [1m[35m (0.6ms)[0m  [1m[35mCREATE TABLE "questions" ("id" integer PRIMARY KEY AUTOINCREMENT NOT NULL, "title" varchar, "body" text, "created_at" datetime(6) NOT NULL, "updated_at" datetime(6) NOT NULL)[0m
  [1m[36mActiveRecord::SchemaMigration Create (0.3ms)[0m  [1m[32mINSERT INTO "schema_migrations" ("version") VALUES (?)[0m  [["version", "20221202095326"]]
  [1m[36mTRANSACTION (7.1ms)[0m  [1m[36mcommit transaction[0m
  [1m[36mActiveRecord::InternalMetadata Load (0.2ms)[0m  [1m[34mSELECT "ar_internal_metadata".* FROM "ar_internal_metadata" WHERE "ar_internal_metadata"."key" = ? LIMIT ?[0m  [["key", "environment"], ["LIMIT", 1]]
  [1m[36mTRANSACTION (0.1ms)[0m  [1m[36mbegin transaction[0m
  [1m[36mActiveRecord::InternalMetadata Create (0.4ms)[0m  [1m[32mINSERT INTO "ar_internal_metadata" ("key", "value", "created_at", "updated_at") VALUES (?, ?, ?, ?)[0m  [["key", "environment"], ["value", "development"], ["created_at", "2022-12-02 09:58:06.118446"], ["updated_at", "2022-12-02 09:58:06.118446"]]
  [1m[36mTRANSACTION (4.8ms)[0m  [1m[36mcommit transaction[0m
  [1m[36mActiveRecord::SchemaMigration Pluck (0.1ms)[0m  [1m[34mSELECT "schema_migrations"."version" FROM "schema_migrations" ORDER BY "schema_migrations"."version" ASC[0m
  [1m[36mTRANSACTION (0.2ms)[0m  [1m[36mbegin transaction[0m
  [1m[36mQuestion Create (0.6ms)[0m  [1m[32mINSERT INTO "questions" ("title", "body", "created_at", "updated_at") VALUES (?, ?, ?, ?)[0m  [["title", "First question"], ["body", "Semple"], ["created_at", "2022-12-02 10:05:35.849856"], ["updated_at", "2022-12-02 10:05:35.849856"]]
  [1m[36mTRANSACTION (8.0ms)[0m  [1m[36mcommit transaction[0m
  [1m[36mTRANSACTION (0.1ms)[0m  [1m[36mbegin transaction[0m
  [1m[36mQuestion Update (0.4ms)[0m  [1m[33mUPDATE "questions" SET "title" = ?, "updated_at" = ? WHERE "questions"."id" = ?[0m  [["title", "Updeted"], ["updated_at", "2022-12-02 10:06:43.975682"], ["id", 1]]
  [1m[36mTRANSACTION (70.3ms)[0m  [1m[36mcommit transaction[0m
  [1m[36mTRANSACTION (0.1ms)[0m  [1m[36mbegin transaction[0m
  [1m[36mQuestion Destroy (0.3ms)[0m  [1m[31mDELETE FROM "questions" WHERE "questions"."id" = ?[0m  [["id", 1]]
  [1m[36mTRANSACTION (7.1ms)[0m  [1m[36mcommit transaction[0m
  [1m[36mQuestion Load (0.4ms)[0m  [1m[34mSELECT "questions".* FROM "questions"[0m
  [1m[36mTRANSACTION (0.1ms)[0m  [1m[36mbegin transaction[0m
  [1m[36mQuestion Create (0.5ms)[0m  [1m[32mINSERT INTO "questions" ("title", "body", "created_at", "updated_at") VALUES (?, ?, ?, ?)[0m  [["title", "Fixed"], ["body", "new body"], ["created_at", "2022-12-02 10:12:29.746261"], ["updated_at", "2022-12-02 10:12:29.746261"]]
  [1m[36mTRANSACTION (7.5ms)[0m  [1m[36mcommit transaction[0m
  [1m[36mQuestion Load (0.3ms)[0m  [1m[34mSELECT "questions".* FROM "questions"[0m
  [1m[36mQuestion Load (0.3ms)[0m  [1m[34mSELECT "questions".* FROM "questions" WHERE "questions"."title" = ? LIMIT ?[0m  [["title", "Fixed"], ["LIMIT", 1]]
  [1m[36mQuestion Load (0.2ms)[0m  [1m[34mSELECT "questions".* FROM "questions" WHERE "questions"."title" = ?[0m  [["title", "Fixed"]]
Started GET "/" for 127.0.0.1 at 2022-12-02 13:24:05 +0300
  [1m[36mActiveRecord::SchemaMigration Pluck (0.3ms)[0m  [1m[34mSELECT "schema_migrations"."version" FROM "schema_migrations" ORDER BY "schema_migrations"."version" ASC[0m
Processing by PagesController#index as HTML
  Rendering layout layouts/application.html.erb
  Rendering pages/index.html.erb within layouts/application
  Rendered pages/index.html.erb within layouts/application (Duration: 1.0ms | Allocations: 380)
  Rendered layout layouts/application.html.erb (Duration: 35.1ms | Allocations: 13636)
Completed 200 OK in 45ms (Views: 38.1ms | ActiveRecord: 0.0ms | Allocations: 16903)


Started GET "/questions" for 127.0.0.1 at 2022-12-02 13:24:11 +0300
  
ActionController::RoutingError (uninitialized constant QuestionsController

      Object.const_get(camel_cased_word)
            ^^^^^^^^^^
Did you mean?  QuestionsConroller

            raise MissingController.new(error.message, error.name)
            ^^^^^):
  
Started GET "/questions" for 127.0.0.1 at 2022-12-02 13:24:46 +0300
  
ActionController::RoutingError (uninitialized constant QuestionsController

      Object.const_get(camel_cased_word)
            ^^^^^^^^^^
Did you mean?  QuestionsConroller

            raise MissingController.new(error.message, error.name)
            ^^^^^):
  
Started GET "/questions" for 127.0.0.1 at 2022-12-02 13:25:39 +0300
  
ActionController::RoutingError (uninitialized constant QuestionsController

      Object.const_get(camel_cased_word)
            ^^^^^^^^^^
Did you mean?  QuestionsConroller

            raise MissingController.new(error.message, error.name)
            ^^^^^):
  
Started GET "/questions" for 127.0.0.1 at 2022-12-02 13:27:34 +0300
  
ActionController::RoutingError (uninitialized constant QuestionsController

      Object.const_get(camel_cased_word)
            ^^^^^^^^^^
Did you mean?  QuestionsConroller

            raise MissingController.new(error.message, error.name)
            ^^^^^):
  
Started GET "/" for 127.0.0.1 at 2022-12-02 13:28:52 +0300
Processing by PagesController#index as HTML
  Rendering layout layouts/application.html.erb
  Rendering pages/index.html.erb within layouts/application
  Rendered pages/index.html.erb within layouts/application (Duration: 0.8ms | Allocations: 157)
  Rendered layout layouts/application.html.erb (Duration: 10.2ms | Allocations: 3065)
Completed 200 OK in 16ms (Views: 14.4ms | ActiveRecord: 0.0ms | Allocations: 3838)


Started GET "/questions" for 127.0.0.1 at 2022-12-02 13:28:59 +0300
  
ActionController::RoutingError (uninitialized constant QuestionsController

      Object.const_get(camel_cased_word)
            ^^^^^^^^^^
Did you mean?  QuestionsConroller

            raise MissingController.new(error.message, error.name)
            ^^^^^):
  
Started GET "/questions" for 127.0.0.1 at 2022-12-02 13:35:30 +0300
  [1m[36mActiveRecord::SchemaMigration Pluck (0.2ms)[0m  [1m[34mSELECT "schema_migrations"."version" FROM "schema_migrations" ORDER BY "schema_migrations"."version" ASC[0m
Processing by QuestionsController#index as HTML
  Rendering layout layouts/application.html.erb
  Rendering questions/index.html.erb within layouts/application
  [1m[36mQuestion Load (0.3ms)[0m  [1m[34mSELECT "questions".* FROM "questions" /* loading for inspect */ LIMIT ?[0m  [["LIMIT", 11]]
  ↳ app/views/questions/index.html.erb:3
  [1m[36mQuestion Load (0.2ms)[0m  [1m[34mSELECT "questions".* FROM "questions"[0m
  ↳ app/views/questions/index.html.erb:5
  Rendered questions/index.html.erb within layouts/application (Duration: 14.6ms | Allocations: 7202)
  Rendered layout layouts/application.html.erb (Duration: 48.3ms | Allocations: 20468)
Completed 200 OK in 58ms (Views: 49.9ms | ActiveRecord: 1.2ms | Allocations: 24692)


Started GET "/questions" for 127.0.0.1 at 2022-12-02 13:36:28 +0300
Processing by QuestionsController#index as HTML
  Rendering layout layouts/application.html.erb
  Rendering questions/index.html.erb within layouts/application
  Rendered questions/index.html.erb within layouts/application (Duration: 34.0ms | Allocations: 10906)
  Rendered layout layouts/application.html.erb (Duration: 34.6ms | Allocations: 11004)
Completed 500 Internal Server Error in 38ms (ActiveRecord: 0.0ms | Allocations: 11860)


  
ActionView::Template::Error (undefined local variable or method `questions' for #<ActionView::Base:0x00000000009c68>

'.freeze;@output_buffer.append=( questions.inspect );@output_buffer.safe_append='
                                 ^^^^^^^^^
Did you mean?  @questions):
    1: <h1>Questions</h1>
    2: 
    3: <%= questions.inspect %>
    4: 
    5: <%= @questions.each do |question| %>
    6: 
  
app/views/questions/index.html.erb:3
Started GET "/questions" for 127.0.0.1 at 2022-12-02 13:36:48 +0300
Processing by QuestionsController#index as HTML
  Rendering layout layouts/application.html.erb
  Rendering questions/index.html.erb within layouts/application
  [1m[36mQuestion Load (0.2ms)[0m  [1m[34mSELECT "questions".* FROM "questions" /* loading for inspect */ LIMIT ?[0m  [["LIMIT", 11]]
  ↳ app/views/questions/index.html.erb:3
  [1m[36mQuestion Load (0.3ms)[0m  [1m[34mSELECT "questions".* FROM "questions"[0m
  ↳ app/views/questions/index.html.erb:5
  Rendered questions/index.html.erb within layouts/application (Duration: 8.2ms | Allocations: 1620)
  Rendered layout layouts/application.html.erb (Duration: 17.8ms | Allocations: 4535)
Completed 200 OK in 22ms (Views: 20.1ms | ActiveRecord: 0.5ms | Allocations: 5359)


Started GET "/questions" for 127.0.0.1 at 2022-12-02 13:37:16 +0300
Processing by QuestionsController#index as HTML
  Rendering layout layouts/application.html.erb
  Rendering questions/index.html.erb within layouts/application
  [1m[36mQuestion Load (0.2ms)[0m  [1m[34mSELECT "questions".* FROM "questions"[0m
  ↳ app/views/questions/index.html.erb:3
  Rendered questions/index.html.erb within layouts/application (Duration: 4.8ms | Allocations: 903)
  Rendered layout layouts/application.html.erb (Duration: 14.5ms | Allocations: 3780)
Completed 200 OK in 20ms (Views: 18.5ms | ActiveRecord: 0.2ms | Allocations: 4591)


Started GET "/questions" for 127.0.0.1 at 2022-12-02 13:37:42 +0300
Processing by QuestionsController#index as HTML
  Rendering layout layouts/application.html.erb
  Rendering questions/index.html.erb within layouts/application
  [1m[36mQuestion Load (0.1ms)[0m  [1m[34mSELECT "questions".* FROM "questions"[0m
  ↳ app/views/questions/index.html.erb:3
  Rendered questions/index.html.erb within layouts/application (Duration: 2.5ms | Allocations: 912)
  Rendered layout layouts/application.html.erb (Duration: 7.9ms | Allocations: 3782)
Completed 200 OK in 12ms (Views: 11.0ms | ActiveRecord: 0.1ms | Allocations: 4594)


Started GET "/questions" for 127.0.0.1 at 2022-12-02 13:38:19 +0300
Processing by QuestionsController#index as HTML
  Rendering layout layouts/application.html.erb
  Rendering questions/index.html.erb within layouts/application
  [1m[36mQuestion Load (0.1ms)[0m  [1m[34mSELECT "questions".* FROM "questions"[0m
  ↳ app/views/questions/index.html.erb:3
  Rendered questions/index.html.erb within layouts/application (Duration: 3.0ms | Allocations: 797)
  Rendered layout layouts/application.html.erb (Duration: 13.3ms | Allocations: 3663)
Completed 200 OK in 16ms (Views: 15.3ms | ActiveRecord: 0.1ms | Allocations: 4489)


Started GET "/questions" for 127.0.0.1 at 2022-12-02 13:44:13 +0300
Processing by QuestionsController#index as HTML
  Rendering layout layouts/application.html.erb
  Rendering questions/index.html.erb within layouts/application
  [1m[36mQuestion Load (0.1ms)[0m  [1m[34mSELECT "questions".* FROM "questions"[0m
  ↳ app/views/questions/index.html.erb:3
  Rendered questions/index.html.erb within layouts/application (Duration: 4.0ms | Allocations: 1134)
  Rendered layout layouts/application.html.erb (Duration: 12.8ms | Allocations: 3996)
Completed 200 OK in 16ms (Views: 15.1ms | ActiveRecord: 0.6ms | Allocations: 4818)


Started GET "/questions" for 127.0.0.1 at 2022-12-02 13:45:11 +0300
Processing by QuestionsController#index as HTML
  Rendering layout layouts/application.html.erb
  Rendering questions/index.html.erb within layouts/application
  [1m[36mQuestion Load (0.1ms)[0m  [1m[34mSELECT "questions".* FROM "questions"[0m
  ↳ app/views/questions/index.html.erb:3
  Rendered questions/index.html.erb within layouts/application (Duration: 3.8ms | Allocations: 917)
  Rendered layout layouts/application.html.erb (Duration: 10.9ms | Allocations: 3785)
Completed 200 OK in 14ms (Views: 13.1ms | ActiveRecord: 0.1ms | Allocations: 4597)


Started GET "/questions" for 127.0.0.1 at 2022-12-02 13:47:58 +0300
Processing by QuestionsController#index as HTML
  Rendering layout layouts/application.html.erb
  Rendering questions/index.html.erb within layouts/application
  [1m[36mQuestion Load (0.2ms)[0m  [1m[34mSELECT "questions".* FROM "questions"[0m
  ↳ app/views/questions/index.html.erb:3
  Rendered questions/index.html.erb within layouts/application (Duration: 31.2ms | Allocations: 6989)
  Rendered layout layouts/application.html.erb (Duration: 31.5ms | Allocations: 7074)
Completed 500 Internal Server Error in 36ms (ActiveRecord: 1.3ms | Allocations: 8872)


  
ActionView::Template::Error (undefined local variable or method `formatted_created_at' for #<ActionView::Base:0x0000000000da20>

  <time datetime="'.freeze;@output_buffer.append=( formatted_created_at);@output_buffer.safe_append='">
                                                   ^^^^^^^^^^^^^^^^^^^^):
    3: <% @questions.each do |question| %>
    4:   <h2><%= question.title %></h2>
    5: 
    6:   <time datetime="<%= formatted_created_at%>">
    7:     <%= question.formatted_created_at %>
    8:   </time>
    9:   <p>
  
app/views/questions/index.html.erb:6
app/views/questions/index.html.erb:3
Started GET "/questions" for 127.0.0.1 at 2022-12-02 13:48:23 +0300
Processing by QuestionsController#index as HTML
  Rendering layout layouts/application.html.erb
  Rendering questions/index.html.erb within layouts/application
  [1m[36mQuestion Load (0.1ms)[0m  [1m[34mSELECT "questions".* FROM "questions"[0m
  ↳ app/views/questions/index.html.erb:3
  Rendered questions/index.html.erb within layouts/application (Duration: 2.4ms | Allocations: 918)
  Rendered layout layouts/application.html.erb (Duration: 7.8ms | Allocations: 3825)
Completed 200 OK in 10ms (Views: 9.5ms | ActiveRecord: 0.1ms | Allocations: 4641)


Started GET "/questions" for 127.0.0.1 at 2022-12-02 14:06:12 +0300
Processing by QuestionsController#index as HTML
  Rendering layout layouts/application.html.erb
  Rendering questions/index.html.erb within layouts/application
  [1m[36mQuestion Load (0.3ms)[0m  [1m[34mSELECT "questions".* FROM "questions"[0m
  ↳ app/views/questions/index.html.erb:3
  Rendered questions/index.html.erb within layouts/application (Duration: 5.0ms | Allocations: 1088)
  Rendered layout layouts/application.html.erb (Duration: 13.3ms | Allocations: 4134)
Completed 200 OK in 19ms (Views: 16.9ms | ActiveRecord: 0.9ms | Allocations: 4942)


Started GET "/" for 127.0.0.1 at 2022-12-02 14:06:31 +0300
Processing by PagesController#index as HTML
  Rendering layout layouts/application.html.erb
  Rendering pages/index.html.erb within layouts/application
  Rendered pages/index.html.erb within layouts/application (Duration: 0.9ms | Allocations: 157)
  Rendered layout layouts/application.html.erb (Duration: 6.2ms | Allocations: 2955)
Completed 200 OK in 10ms (Views: 9.4ms | ActiveRecord: 0.0ms | Allocations: 3681)


Started GET "/questions" for 127.0.0.1 at 2022-12-02 14:06:48 +0300
Processing by QuestionsController#index as HTML
  Rendering layout layouts/application.html.erb
  Rendering questions/index.html.erb within layouts/application
  [1m[36mQuestion Load (0.2ms)[0m  [1m[34mSELECT "questions".* FROM "questions"[0m
  ↳ app/views/questions/index.html.erb:3
  Rendered questions/index.html.erb within layouts/application (Duration: 2.9ms | Allocations: 672)
  Rendered layout layouts/application.html.erb (Duration: 10.0ms | Allocations: 3163)
Completed 200 OK in 11ms (Views: 10.7ms | ActiveRecord: 0.2ms | Allocations: 3432)


Started GET "/" for 127.0.0.1 at 2022-12-02 18:49:24 +0300
Processing by PagesController#index as HTML
  Rendering layout layouts/application.html.erb
  Rendering pages/index.html.erb within layouts/application
  Rendered pages/index.html.erb within layouts/application (Duration: 0.2ms | Allocations: 12)
  Rendered layout layouts/application.html.erb (Duration: 10.1ms | Allocations: 2550)
Completed 200 OK in 13ms (Views: 12.3ms | Allocations: 2782)


Started GET "/questions" for 127.0.0.1 at 2022-12-02 18:49:25 +0300
Processing by QuestionsController#index as HTML
  Rendering layout layouts/application.html.erb
  Rendering questions/index.html.erb within layouts/application
  [1m[36mQuestion Load (0.2ms)[0m  [1m[34mSELECT "questions".* FROM "questions"[0m
  ↳ app/views/questions/index.html.erb:3
  Rendered questions/index.html.erb within layouts/application (Duration: 3.7ms | Allocations: 776)
  Rendered layout layouts/application.html.erb (Duration: 10.5ms | Allocations: 3270)
Completed 200 OK in 12ms (Views: 11.4ms | ActiveRecord: 0.8ms | Allocations: 3523)


Started GET "/questions/new" for 127.0.0.1 at 2022-12-02 18:54:34 +0300
Processing by QuestionsController#index as HTML
  Rendering layout layouts/application.html.erb
  Rendering questions/index.html.erb within layouts/application
  [1m[36mQuestion Load (0.1ms)[0m  [1m[34mSELECT "questions".* FROM "questions"[0m
  ↳ app/views/questions/index.html.erb:3
  Rendered questions/index.html.erb within layouts/application (Duration: 5.4ms | Allocations: 2128)
  Rendered layout layouts/application.html.erb (Duration: 11.0ms | Allocations: 4941)
Completed 200 OK in 16ms (Views: 12.9ms | ActiveRecord: 0.4ms | Allocations: 6409)


Started GET "/questions/new" for 127.0.0.1 at 2022-12-02 19:03:52 +0300
Processing by QuestionsController#index as HTML
  Rendering layout layouts/application.html.erb
  Rendering questions/index.html.erb within layouts/application
  [1m[36mQuestion Load (0.1ms)[0m  [1m[34mSELECT "questions".* FROM "questions"[0m
  ↳ app/views/questions/index.html.erb:3
  Rendered questions/index.html.erb within layouts/application (Duration: 6.2ms | Allocations: 2285)
  Rendered layout layouts/application.html.erb (Duration: 12.7ms | Allocations: 5283)
Completed 200 OK in 18ms (Views: 14.8ms | ActiveRecord: 0.5ms | Allocations: 7072)


Started GET "/questions/new" for 127.0.0.1 at 2022-12-02 19:04:13 +0300
Processing by QuestionsController#index as HTML
  Rendering layout layouts/application.html.erb
  Rendering questions/index.html.erb within layouts/application
  [1m[36mQuestion Load (0.2ms)[0m  [1m[34mSELECT "questions".* FROM "questions"[0m
  ↳ app/views/questions/index.html.erb:3
  Rendered questions/index.html.erb within layouts/application (Duration: 3.2ms | Allocations: 916)
  Rendered layout layouts/application.html.erb (Duration: 11.7ms | Allocations: 3958)
Completed 200 OK in 15ms (Views: 13.6ms | ActiveRecord: 0.2ms | Allocations: 4772)


Started GET "/" for 127.0.0.1 at 2022-12-02 19:04:15 +0300
Processing by PagesController#index as HTML
  Rendering layout layouts/application.html.erb
  Rendering pages/index.html.erb within layouts/application
  Rendered pages/index.html.erb within layouts/application (Duration: 0.7ms | Allocations: 156)
  Rendered layout layouts/application.html.erb (Duration: 7.7ms | Allocations: 2942)
Completed 200 OK in 11ms (Views: 9.8ms | ActiveRecord: 0.0ms | Allocations: 3664)


Started GET "/questions" for 127.0.0.1 at 2022-12-02 19:04:16 +0300
Processing by QuestionsController#index as HTML
  Rendering layout layouts/application.html.erb
  Rendering questions/index.html.erb within layouts/application
  [1m[36mQuestion Load (0.5ms)[0m  [1m[34mSELECT "questions".* FROM "questions"[0m
  ↳ app/views/questions/index.html.erb:3
  Rendered questions/index.html.erb within layouts/application (Duration: 4.8ms | Allocations: 672)
  Rendered layout layouts/application.html.erb (Duration: 14.6ms | Allocations: 3166)
Completed 200 OK in 17ms (Views: 15.3ms | ActiveRecord: 0.5ms | Allocations: 3435)


Started GET "/questions/new" for 127.0.0.1 at 2022-12-02 19:04:20 +0300
Processing by QuestionsController#index as HTML
  Rendering layout layouts/application.html.erb
  Rendering questions/index.html.erb within layouts/application
  [1m[36mQuestion Load (0.1ms)[0m  [1m[34mSELECT "questions".* FROM "questions"[0m
  ↳ app/views/questions/index.html.erb:3
  Rendered questions/index.html.erb within layouts/application (Duration: 2.3ms | Allocations: 589)
  Rendered layout layouts/application.html.erb (Duration: 7.7ms | Allocations: 3089)
Completed 200 OK in 9ms (Views: 8.2ms | ActiveRecord: 0.1ms | Allocations: 3333)


Started GET "/questions" for 127.0.0.1 at 2022-12-02 19:06:25 +0300
Processing by QuestionsController#index as HTML
  Rendering layout layouts/application.html.erb
  Rendering questions/index.html.erb within layouts/application
  [1m[36mQuestion Load (0.1ms)[0m  [1m[34mSELECT "questions".* FROM "questions"[0m
  ↳ app/views/questions/index.html.erb:3
  Rendered questions/index.html.erb within layouts/application (Duration: 2.1ms | Allocations: 589)
  Rendered layout layouts/application.html.erb (Duration: 7.6ms | Allocations: 3118)
Completed 200 OK in 10ms (Views: 9.0ms | ActiveRecord: 0.1ms | Allocations: 3365)


Started GET "/questions/new" for 127.0.0.1 at 2022-12-02 19:06:29 +0300
Processing by QuestionsController#index as HTML
  Rendering layout layouts/application.html.erb
  Rendering questions/index.html.erb within layouts/application
  [1m[36mQuestion Load (0.3ms)[0m  [1m[34mSELECT "questions".* FROM "questions"[0m
  ↳ app/views/questions/index.html.erb:3
  Rendered questions/index.html.erb within layouts/application (Duration: 4.6ms | Allocations: 589)
  Rendered layout layouts/application.html.erb (Duration: 14.5ms | Allocations: 3074)
Completed 200 OK in 17ms (Views: 15.5ms | ActiveRecord: 0.3ms | Allocations: 3318)


Started GET "/questions/new" for 127.0.0.1 at 2022-12-02 19:07:10 +0300
Processing by QuestionsController#index as HTML
  Rendering layout layouts/application.html.erb
  Rendering questions/index.html.erb within layouts/application
  [1m[36mQuestion Load (0.2ms)[0m  [1m[34mSELECT "questions".* FROM "questions"[0m
  ↳ app/views/questions/index.html.erb:3
  Rendered questions/index.html.erb within layouts/application (Duration: 1.7ms | Allocations: 589)
  Rendered layout layouts/application.html.erb (Duration: 10.8ms | Allocations: 3083)
Completed 200 OK in 13ms (Views: 12.2ms | ActiveRecord: 0.2ms | Allocations: 3327)


Started GET "/question/new" for 127.0.0.1 at 2022-12-02 19:07:34 +0300
  
ActionController::RoutingError (No route matches [GET] "/question/new"):
  
Started GET "/questions/new" for 127.0.0.1 at 2022-12-02 19:07:41 +0300
Processing by QuestionsController#index as HTML
  Rendering layout layouts/application.html.erb
  Rendering questions/index.html.erb within layouts/application
  [1m[36mQuestion Load (0.3ms)[0m  [1m[34mSELECT "questions".* FROM "questions"[0m
  ↳ app/views/questions/index.html.erb:3
  Rendered questions/index.html.erb within layouts/application (Duration: 11.9ms | Allocations: 2505)
  Rendered layout layouts/application.html.erb (Duration: 22.1ms | Allocations: 5324)
Completed 200 OK in 28ms (Views: 24.9ms | ActiveRecord: 2.3ms | Allocations: 6791)


Started GET "/questions/new" for 127.0.0.1 at 2022-12-02 19:07:52 +0300
Processing by QuestionsController#index as HTML
  Rendering layout layouts/application.html.erb
  Rendering questions/index.html.erb within layouts/application
  [1m[36mQuestion Load (0.1ms)[0m  [1m[34mSELECT "questions".* FROM "questions"[0m
  ↳ app/views/questions/index.html.erb:3
  Rendered questions/index.html.erb within layouts/application (Duration: 9.0ms | Allocations: 2446)
  Rendered layout layouts/application.html.erb (Duration: 15.5ms | Allocations: 5280)
Completed 200 OK in 20ms (Views: 16.8ms | ActiveRecord: 1.8ms | Allocations: 6746)


Started GET "/questions/new" for 127.0.0.1 at 2022-12-02 19:08:35 +0300
Processing by QuestionsController#new as HTML
  Rendering layout layouts/application.html.erb
  Rendering questions/new.html.erb within layouts/application
  Rendered questions/new.html.erb within layouts/application (Duration: 1.8ms | Allocations: 1089)
  Rendered layout layouts/application.html.erb (Duration: 2.3ms | Allocations: 1178)
Completed 500 Internal Server Error in 12ms (ActiveRecord: 1.5ms | Allocations: 4376)


  
ActionView::SyntaxErrorInTemplate (Encountered a syntax error while rendering template: check <h1>New question</h1>

<%= form_with model: @question do |f| %>
  <%= f.text_field :title, required: true, minlehgth: 2 %>
  
):
1:    <h1>New question</h1>
2:    
3:    <%= form_with model: @question do |f| %>
4:      <%= f.text_field :title, required: true, minlehgth: 2 %>
5:      
  
app/views/questions/new.html.erb:7: syntax error, unexpected end-of-input, expecting `end'
app/views/questions/new.html.erb:7: syntax error, unexpected end-of-input, expecting `end'
app/views/questions/new.html.erb:7: syntax error, unexpected end-of-input, expecting `end'
app/views/questions/new.html.erb:7: syntax error, unexpected end-of-input, expecting `end'
app/views/questions/new.html.erb:7: syntax error, unexpected end-of-input, expecting `end'
app/views/questions/new.html.erb:7: syntax error, unexpected end-of-input, expecting `end'
Started GET "/questions/new" for 127.0.0.1 at 2022-12-02 19:08:58 +0300
Processing by QuestionsController#index as HTML
  Rendering layout layouts/application.html.erb
  Rendering questions/index.html.erb within layouts/application
  [1m[36mQuestion Load (0.1ms)[0m  [1m[34mSELECT "questions".* FROM "questions"[0m
  ↳ app/views/questions/index.html.erb:3
  Rendered questions/index.html.erb within layouts/application (Duration: 9.1ms | Allocations: 2504)
  Rendered layout layouts/application.html.erb (Duration: 18.4ms | Allocations: 5338)
Completed 200 OK in 23ms (Views: 20.0ms | ActiveRecord: 1.8ms | Allocations: 6805)


Started GET "/questions/new" for 127.0.0.1 at 2022-12-02 19:10:22 +0300
Processing by QuestionsController#index as HTML
  Rendering layout layouts/application.html.erb
  Rendering questions/index.html.erb within layouts/application
  [1m[36mQuestion Load (0.4ms)[0m  [1m[34mSELECT "questions".* FROM "questions"[0m
  ↳ app/views/questions/index.html.erb:3
  Rendered questions/index.html.erb within layouts/application (Duration: 10.4ms | Allocations: 2466)
  Rendered layout layouts/application.html.erb (Duration: 16.0ms | Allocations: 5282)
Completed 200 OK in 21ms (Views: 17.6ms | ActiveRecord: 1.6ms | Allocations: 6750)


Started GET "/" for 127.0.0.1 at 2022-12-02 19:10:27 +0300
Processing by PagesController#index as HTML
  Rendering layout layouts/application.html.erb
  Rendering pages/index.html.erb within layouts/application
  Rendered pages/index.html.erb within layouts/application (Duration: 0.1ms | Allocations: 19)
  Rendered layout layouts/application.html.erb (Duration: 7.9ms | Allocations: 2805)
Completed 200 OK in 11ms (Views: 10.2ms | ActiveRecord: 0.0ms | Allocations: 3402)


Started GET "/questions" for 127.0.0.1 at 2022-12-02 19:10:28 +0300
Processing by QuestionsController#index as HTML
  Rendering layout layouts/application.html.erb
  Rendering questions/index.html.erb within layouts/application
  [1m[36mQuestion Load (0.2ms)[0m  [1m[34mSELECT "questions".* FROM "questions"[0m
  ↳ app/views/questions/index.html.erb:3
  Rendered questions/index.html.erb within layouts/application (Duration: 3.1ms | Allocations: 672)
  Rendered layout layouts/application.html.erb (Duration: 11.2ms | Allocations: 3154)
Completed 200 OK in 12ms (Views: 11.6ms | ActiveRecord: 0.2ms | Allocations: 3424)


Started GET "/questions/new" for 127.0.0.1 at 2022-12-02 19:10:31 +0300
Processing by QuestionsController#index as HTML
  Rendering layout layouts/application.html.erb
  Rendering questions/index.html.erb within layouts/application
  [1m[36mQuestion Load (0.1ms)[0m  [1m[34mSELECT "questions".* FROM "questions"[0m
  ↳ app/views/questions/index.html.erb:3
  Rendered questions/index.html.erb within layouts/application (Duration: 2.0ms | Allocations: 589)
  Rendered layout layouts/application.html.erb (Duration: 9.0ms | Allocations: 3062)
Completed 200 OK in 10ms (Views: 9.5ms | ActiveRecord: 0.1ms | Allocations: 3306)


Started GET "/questions/new" for 127.0.0.1 at 2022-12-02 19:11:23 +0300
Processing by QuestionsController#new as HTML
  Rendering layout layouts/application.html.erb
  Rendering questions/new.html.erb within layouts/application
  Rendered questions/new.html.erb within layouts/application (Duration: 19.4ms | Allocations: 1066)
  Rendered layout layouts/application.html.erb (Duration: 20.1ms | Allocations: 1155)
Completed 500 Internal Server Error in 54ms (ActiveRecord: 1.1ms | Allocations: 4259)


  
ActionView::SyntaxErrorInTemplate (Encountered a syntax error while rendering template: check <h1>New question</h1>

<%= form_with model: @question do |f| %>
  <%= f.text_field :title, required: true, minlehgth: 2 %>
  
):
1:    <h1>New question</h1>
2:    
3:    <%= form_with model: @question do |f| %>
4:      <%= f.text_field :title, required: true, minlehgth: 2 %>
5:      
  
app/views/questions/new.html.erb:7: syntax error, unexpected end-of-input, expecting `end'
app/views/questions/new.html.erb:7: syntax error, unexpected end-of-input, expecting `end'
app/views/questions/new.html.erb:7: syntax error, unexpected end-of-input, expecting `end'
app/views/questions/new.html.erb:7: syntax error, unexpected end-of-input, expecting `end'
app/views/questions/new.html.erb:7: syntax error, unexpected end-of-input, expecting `end'
app/views/questions/new.html.erb:7: syntax error, unexpected end-of-input, expecting `end'
Started GET "/questions/new" for 127.0.0.1 at 2022-12-02 19:11:54 +0300
Processing by QuestionsController#new as HTML
  Rendering layout layouts/application.html.erb
  Rendering questions/new.html.erb within layouts/application
  Rendered questions/new.html.erb within layouts/application (Duration: 1.1ms | Allocations: 1061)
  Rendered layout layouts/application.html.erb (Duration: 1.5ms | Allocations: 1150)
Completed 500 Internal Server Error in 11ms (ActiveRecord: 1.0ms | Allocations: 4312)


  
ActionView::SyntaxErrorInTemplate (Encountered a syntax error while rendering template: check <h1>New question</h1>

<%= form_with model: @question do |f| %>
  <%= f.text_field :title, required: true, minlehgth: 2 %>
  
):
1:    <h1>New question</h1>
2:    
3:    <%= form_with model: @question do |f| %>
4:      <%= f.text_field :title, required: true, minlehgth: 2 %>
5:      
  
app/views/questions/new.html.erb:7: syntax error, unexpected end-of-input, expecting `end'
app/views/questions/new.html.erb:7: syntax error, unexpected end-of-input, expecting `end'
app/views/questions/new.html.erb:7: syntax error, unexpected end-of-input, expecting `end'
app/views/questions/new.html.erb:7: syntax error, unexpected end-of-input, expecting `end'
app/views/questions/new.html.erb:7: syntax error, unexpected end-of-input, expecting `end'
app/views/questions/new.html.erb:7: syntax error, unexpected end-of-input, expecting `end'
Started GET "/questions/new" for 127.0.0.1 at 2022-12-02 21:31:26 +0300
  [1m[36mActiveRecord::SchemaMigration Pluck (0.3ms)[0m  [1m[34mSELECT "schema_migrations"."version" FROM "schema_migrations" ORDER BY "schema_migrations"."version" ASC[0m
Processing by QuestionsController#new as HTML
  Rendering layout layouts/application.html.erb
  Rendering questions/new.html.erb within layouts/application
  Rendered questions/new.html.erb within layouts/application (Duration: 7.3ms | Allocations: 1592)
  Rendered layout layouts/application.html.erb (Duration: 36.6ms | Allocations: 14509)
Completed 200 OK in 58ms (Views: 39.5ms | ActiveRecord: 0.7ms | Allocations: 23047)


Started GET "/questions/new" for 127.0.0.1 at 2022-12-02 21:43:21 +0300
Processing by QuestionsController#new as HTML
  Rendering layout layouts/application.html.erb
  Rendering questions/new.html.erb within layouts/application
  Rendered questions/new.html.erb within layouts/application (Duration: 16.3ms | Allocations: 8737)
  Rendered layout layouts/application.html.erb (Duration: 16.8ms | Allocations: 8835)
Completed 500 Internal Server Error in 20ms (Allocations: 9689)


  
ActionView::Template::Error (undefined method `lable' for #<ActionView::Helpers::FormBuilder:0x00007fb334555138 @nested_child_index={}, @options={:allow_method_names_outside_object=>true, :skip_default_ids=>false}, @template=#<ActionView::Base:0x00000000009ce0>, @object=#<Question id: nil, title: nil, body: nil, created_at: nil, updated_at: nil>, @object_name="question", @default_options={:skip_default_ids=>false, :allow_method_names_outside_object=>true}, @default_html_options={}, @multipart=nil, @index=nil>

  '.freeze;@output_buffer.append=( f.lable :title );@output_buffer.safe_append='
                                    ^^^^^^
Did you mean?  label):
    1: <h1>New question</h1>
    2: 
    3: <%= form_with model: @question do |f| %>
    4:   <%= f.lable :title %>
    5:   <%= f.text_field :title, required: true, minlehgth: 2, placeholder: "Title" %>
    6:   <% end %>
  
app/views/questions/new.html.erb:4
app/views/questions/new.html.erb:3
Started GET "/questions/new" for 127.0.0.1 at 2022-12-02 21:44:06 +0300
Processing by QuestionsController#new as HTML
  Rendering layout layouts/application.html.erb
  Rendering questions/new.html.erb within layouts/application
  Rendered questions/new.html.erb within layouts/application (Duration: 47.8ms | Allocations: 10213)
  Rendered layout layouts/application.html.erb (Duration: 59.3ms | Allocations: 12965)
Completed 200 OK in 64ms (Views: 62.8ms | Allocations: 13794)


Started GET "/questions/new" for 127.0.0.1 at 2022-12-02 21:49:05 +0300
Processing by QuestionsController#new as HTML
  Rendering layout layouts/application.html.erb
  Rendering questions/new.html.erb within layouts/application
  Rendered questions/new.html.erb within layouts/application (Duration: 3.1ms | Allocations: 1047)
  Rendered layout layouts/application.html.erb (Duration: 11.0ms | Allocations: 3724)
Completed 200 OK in 15ms (Views: 13.6ms | Allocations: 4568)


Started GET "/questions/new" for 127.0.0.1 at 2022-12-02 21:49:08 +0300
Processing by QuestionsController#new as HTML
  Rendering layout layouts/application.html.erb
  Rendering questions/new.html.erb within layouts/application
  Rendered questions/new.html.erb within layouts/application (Duration: 2.7ms | Allocations: 650)
  Rendered layout layouts/application.html.erb (Duration: 10.6ms | Allocations: 2925)
Completed 200 OK in 12ms (Views: 11.5ms | Allocations: 3194)


Started GET "/questions/new" for 127.0.0.1 at 2022-12-02 21:55:29 +0300
Processing by QuestionsController#new as HTML
  Rendering layout layouts/application.html.erb
  Rendering questions/new.html.erb within layouts/application
  Rendered questions/new.html.erb within layouts/application (Duration: 30.8ms | Allocations: 8237)
  Rendered layout layouts/application.html.erb (Duration: 44.7ms | Allocations: 10962)
Completed 200 OK in 51ms (Views: 49.0ms | Allocations: 11768)


Started GET "/" for 127.0.0.1 at 2022-12-05 22:17:05 +0300
  [1m[36mActiveRecord::SchemaMigration Pluck (0.4ms)[0m  [1m[34mSELECT "schema_migrations"."version" FROM "schema_migrations" ORDER BY "schema_migrations"."version" ASC[0m
Processing by PagesController#index as HTML
  Rendering layout layouts/application.html.erb
  Rendering pages/index.html.erb within layouts/application
  Rendered pages/index.html.erb within layouts/application (Duration: 5.8ms | Allocations: 330)
  Rendered layout layouts/application.html.erb (Duration: 83.2ms | Allocations: 13688)
Completed 200 OK in 117ms (Views: 99.1ms | ActiveRecord: 0.0ms | Allocations: 16562)


Started GET "/" for 127.0.0.1 at 2022-12-05 22:26:10 +0300
Processing by PagesController#index as HTML
  Rendering layout layouts/application.html.erb
  Rendering pages/index.html.erb within layouts/application
  Rendered pages/index.html.erb within layouts/application (Duration: 0.8ms | Allocations: 141)
  Rendered layout layouts/application.html.erb (Duration: 8.8ms | Allocations: 3152)
Completed 200 OK in 13ms (Views: 11.8ms | Allocations: 3960)


Started GET "/" for 127.0.0.1 at 2022-12-05 22:26:12 +0300
Processing by PagesController#index as HTML
  Rendering layout layouts/application.html.erb
  Rendering pages/index.html.erb within layouts/application
  Rendered pages/index.html.erb within layouts/application (Duration: 0.1ms | Allocations: 12)
  Rendered layout layouts/application.html.erb (Duration: 5.3ms | Allocations: 2521)
Completed 200 OK in 6ms (Views: 6.0ms | Allocations: 2776)


Started GET "/questions" for 127.0.0.1 at 2022-12-05 22:26:14 +0300
Processing by QuestionsController#index as HTML
  Rendering layout layouts/application.html.erb
  Rendering questions/index.html.erb within layouts/application
  [1m[36mQuestion Load (0.2ms)[0m  [1m[34mSELECT "questions".* FROM "questions"[0m
  ↳ app/views/questions/index.html.erb:3
  Rendered questions/index.html.erb within layouts/application (Duration: 13.0ms | Allocations: 5246)
  Rendered layout layouts/application.html.erb (Duration: 18.8ms | Allocations: 8062)
Completed 200 OK in 25ms (Views: 20.7ms | ActiveRecord: 1.4ms | Allocations: 9705)


Started GET "/" for 127.0.0.1 at 2022-12-05 22:26:15 +0300
Processing by PagesController#index as HTML
  Rendering layout layouts/application.html.erb
  Rendering pages/index.html.erb within layouts/application
  Rendered pages/index.html.erb within layouts/application (Duration: 0.1ms | Allocations: 13)
  Rendered layout layouts/application.html.erb (Duration: 7.9ms | Allocations: 2505)
Completed 200 OK in 10ms (Views: 9.7ms | ActiveRecord: 0.0ms | Allocations: 2779)


Started GET "/questions" for 127.0.0.1 at 2022-12-05 22:26:16 +0300
Processing by QuestionsController#index as HTML
  Rendering layout layouts/application.html.erb
  Rendering questions/index.html.erb within layouts/application
  [1m[36mQuestion Load (0.3ms)[0m  [1m[34mSELECT "questions".* FROM "questions"[0m
  ↳ app/views/questions/index.html.erb:3
  Rendered questions/index.html.erb within layouts/application (Duration: 2.0ms | Allocations: 650)
  Rendered layout layouts/application.html.erb (Duration: 14.5ms | Allocations: 3162)
Completed 200 OK in 16ms (Views: 15.2ms | ActiveRecord: 0.3ms | Allocations: 3424)


Started GET "/" for 127.0.0.1 at 2022-12-05 22:26:16 +0300
Processing by PagesController#index as HTML
  Rendering layout layouts/application.html.erb
  Rendering pages/index.html.erb within layouts/application
  Rendered pages/index.html.erb within layouts/application (Duration: 0.1ms | Allocations: 12)
  Rendered layout layouts/application.html.erb (Duration: 7.4ms | Allocations: 2523)
Completed 200 OK in 10ms (Views: 9.1ms | ActiveRecord: 0.0ms | Allocations: 2757)


Started GET "/questions" for 127.0.0.1 at 2022-12-05 22:28:34 +0300
Processing by QuestionsController#index as HTML
  Rendering layout layouts/application.html.erb
  Rendering questions/index.html.erb within layouts/application
  [1m[36mQuestion Load (0.2ms)[0m  [1m[34mSELECT "questions".* FROM "questions"[0m
  ↳ app/views/questions/index.html.erb:3
  Rendered questions/index.html.erb within layouts/application (Duration: 3.2ms | Allocations: 589)
  Rendered layout layouts/application.html.erb (Duration: 14.3ms | Allocations: 3121)
Completed 200 OK in 16ms (Views: 15.1ms | ActiveRecord: 0.2ms | Allocations: 3367)


Started GET "/questions" for 127.0.0.1 at 2022-12-05 22:30:07 +0300
Processing by QuestionsController#index as HTML
  Rendering layout layouts/application.html.erb
  Rendering questions/index.html.erb within layouts/application
  [1m[36mQuestion Load (0.3ms)[0m  [1m[34mSELECT "questions".* FROM "questions"[0m
  ↳ app/views/questions/index.html.erb:3
  Rendered questions/index.html.erb within layouts/application (Duration: 4.3ms | Allocations: 905)
  Rendered layout layouts/application.html.erb (Duration: 11.0ms | Allocations: 3906)
Completed 200 OK in 16ms (Views: 13.9ms | ActiveRecord: 0.3ms | Allocations: 4693)


Started GET "/questions" for 127.0.0.1 at 2022-12-05 22:30:24 +0300
Processing by QuestionsController#index as HTML
  Rendering layout layouts/application.html.erb
  Rendering questions/index.html.erb within layouts/application
  [1m[36mQuestion Load (1.7ms)[0m  [1m[34mSELECT "questions".* FROM "questions"[0m
  ↳ app/views/questions/index.html.erb:3
  Rendered questions/index.html.erb within layouts/application (Duration: 5.2ms | Allocations: 897)
  Rendered layout layouts/application.html.erb (Duration: 15.3ms | Allocations: 3899)
Completed 200 OK in 23ms (Views: 18.2ms | ActiveRecord: 1.7ms | Allocations: 4684)


Started GET "/" for 127.0.0.1 at 2022-12-05 22:30:26 +0300
Processing by PagesController#index as HTML
  Rendering layout layouts/application.html.erb
  Rendering pages/index.html.erb within layouts/application
  Rendered pages/index.html.erb within layouts/application (Duration: 0.5ms | Allocations: 140)
  Rendered layout layouts/application.html.erb (Duration: 6.2ms | Allocations: 2928)
Completed 200 OK in 11ms (Views: 9.8ms | ActiveRecord: 0.0ms | Allocations: 3509)


Started GET "/" for 127.0.0.1 at 2022-12-05 22:30:58 +0300
Processing by PagesController#index as HTML
  Rendering layout layouts/application.html.erb
  Rendering pages/index.html.erb within layouts/application
  Rendered pages/index.html.erb within layouts/application (Duration: 0.7ms | Allocations: 141)
  Rendered layout layouts/application.html.erb (Duration: 10.2ms | Allocations: 3166)
Completed 200 OK in 13ms (Views: 12.1ms | ActiveRecord: 0.0ms | Allocations: 3961)


Started GET "/" for 127.0.0.1 at 2022-12-05 22:31:00 +0300
Processing by PagesController#index as HTML
  Rendering layout layouts/application.html.erb
  Rendering pages/index.html.erb within layouts/application
  Rendered pages/index.html.erb within layouts/application (Duration: 0.1ms | Allocations: 12)
  Rendered layout layouts/application.html.erb (Duration: 7.2ms | Allocations: 2529)
Completed 200 OK in 10ms (Views: 9.1ms | ActiveRecord: 0.0ms | Allocations: 2781)


Started GET "/questions" for 127.0.0.1 at 2022-12-05 22:31:02 +0300
Processing by QuestionsController#index as HTML
  Rendering layout layouts/application.html.erb
  Rendering questions/index.html.erb within layouts/application
  [1m[36mQuestion Load (0.2ms)[0m  [1m[34mSELECT "questions".* FROM "questions"[0m
  ↳ app/views/questions/index.html.erb:3
  Rendered questions/index.html.erb within layouts/application (Duration: 3.9ms | Allocations: 896)
  Rendered layout layouts/application.html.erb (Duration: 12.4ms | Allocations: 3677)
Completed 200 OK in 20ms (Views: 18.8ms | ActiveRecord: 0.2ms | Allocations: 4249)


Started GET "/questions" for 127.0.0.1 at 2022-12-05 22:31:29 +0300
Processing by QuestionsController#index as HTML
  Rendering layout layouts/application.html.erb
  Rendering questions/index.html.erb within layouts/application
  [1m[36mQuestion Load (0.2ms)[0m  [1m[34mSELECT "questions".* FROM "questions"[0m
  ↳ app/views/questions/index.html.erb:3
  Rendered questions/index.html.erb within layouts/application (Duration: 4.0ms | Allocations: 905)
  Rendered layout layouts/application.html.erb (Duration: 12.1ms | Allocations: 3926)
Completed 200 OK in 18ms (Views: 16.4ms | ActiveRecord: 0.2ms | Allocations: 4731)


Started GET "/questions" for 127.0.0.1 at 2022-12-05 22:32:02 +0300
Processing by QuestionsController#index as HTML
  Rendering layout layouts/application.html.erb
  Rendering questions/index.html.erb within layouts/application
  [1m[36mQuestion Load (0.3ms)[0m  [1m[34mSELECT "questions".* FROM "questions"[0m
  ↳ app/views/questions/index.html.erb:3
  Rendered questions/index.html.erb within layouts/application (Duration: 4.5ms | Allocations: 897)
  Rendered layout layouts/application.html.erb (Duration: 13.2ms | Allocations: 3896)
Completed 200 OK in 17ms (Views: 15.7ms | ActiveRecord: 0.3ms | Allocations: 4681)


Started GET "/" for 127.0.0.1 at 2022-12-05 22:32:05 +0300
Processing by PagesController#index as HTML
  Rendering layout layouts/application.html.erb
  Rendering pages/index.html.erb within layouts/application
  Rendered pages/index.html.erb within layouts/application (Duration: 0.6ms | Allocations: 140)
  Rendered layout layouts/application.html.erb (Duration: 9.1ms | Allocations: 2928)
Completed 200 OK in 12ms (Views: 11.5ms | ActiveRecord: 0.0ms | Allocations: 3509)


Started GET "/" for 127.0.0.1 at 2022-12-05 22:32:34 +0300
Processing by PagesController#index as HTML
  Rendering layout layouts/application.html.erb
  Rendering pages/index.html.erb within layouts/application
  Rendered pages/index.html.erb within layouts/application (Duration: 0.7ms | Allocations: 141)
  Rendered layout layouts/application.html.erb (Duration: 6.5ms | Allocations: 3145)
Completed 200 OK in 11ms (Views: 9.9ms | ActiveRecord: 0.0ms | Allocations: 3939)


Started GET "/questions" for 127.0.0.1 at 2022-12-05 22:32:40 +0300
Processing by QuestionsController#index as HTML
  Rendering layout layouts/application.html.erb
  Rendering questions/index.html.erb within layouts/application
  [1m[36mQuestion Load (0.2ms)[0m  [1m[34mSELECT "questions".* FROM "questions"[0m
  ↳ app/views/questions/index.html.erb:3
  Rendered questions/index.html.erb within layouts/application (Duration: 3.0ms | Allocations: 896)
  Rendered layout layouts/application.html.erb (Duration: 13.1ms | Allocations: 3674)
Completed 200 OK in 16ms (Views: 15.0ms | ActiveRecord: 0.2ms | Allocations: 4263)


Started GET "/questions/new" for 127.0.0.1 at 2022-12-05 22:32:49 +0300
Processing by QuestionsController#new as HTML
  Rendering layout layouts/application.html.erb
  Rendering questions/new.html.erb within layouts/application
  Rendered questions/new.html.erb within layouts/application (Duration: 42.1ms | Allocations: 7761)
  Rendered layout layouts/application.html.erb (Duration: 47.3ms | Allocations: 10217)
Completed 200 OK in 49ms (Views: 48.2ms | ActiveRecord: 0.0ms | Allocations: 10618)


Started POST "/questions" for 127.0.0.1 at 2022-12-05 22:33:16 +0300
  
ActionController::RoutingError (No route matches [POST] "/questions"):
  
Started POST "/questions" for 127.0.0.1 at 2022-12-05 23:02:19 +0300
  [1m[36mActiveRecord::SchemaMigration Pluck (0.2ms)[0m  [1m[34mSELECT "schema_migrations"."version" FROM "schema_migrations" ORDER BY "schema_migrations"."version" ASC[0m
  
ActionController::RoutingError (No route matches [POST] "/questions"):
  
Started POST "/questions" for 127.0.0.1 at 2022-12-05 23:03:13 +0300
Processing by QuestionsController#create as HTML
  Parameters: {"authenticity_token"=>"[FILTERED]", "question"=>{"title"=>"For question 3", "body"=>"VBody 3"}, "commit"=>"Submit question"}
  Rendering text template
  Rendered text template (Duration: 0.1ms | Allocations: 10)
Completed 200 OK in 8ms (Views: 2.7ms | Allocations: 2008)


Started POST "/questions" for 127.0.0.1 at 2022-12-05 23:05:37 +0300
Processing by QuestionsController#create as HTML
  Parameters: {"authenticity_token"=>"[FILTERED]", "question"=>{"title"=>"For question 3", "body"=>"VBody 3"}, "commit"=>"Submit question"}
Completed 500 Internal Server Error in 19ms (ActiveRecord: 1.2ms | Allocations: 8534)


  
NoMethodError (undefined method `r' for #<QuestionsController:0x00000000010ce8>

    r@question = Question.new
    ^):
  
app/controllers/questions_controller.rb:11:in `create'
Started POST "/questions" for 127.0.0.1 at 2022-12-05 23:07:14 +0300
  
SyntaxError (/home/denis/proj/rails/Myapp/app/controllers/questions_controller.rb:11: syntax error, unexpected local variable or method, expecting `end'
... = Question.new question_params
...                ^~~~~~~~~~~~~~~
/home/denis/proj/rails/Myapp/app/controllers/questions_controller.rb:23: syntax error, unexpected end-of-input, expecting `end'):
  
app/controllers/questions_controller.rb:11: syntax error, unexpected local variable or method, expecting `end'
app/controllers/questions_controller.rb:23: syntax error, unexpected end-of-input, expecting `end'
app/controllers/questions_controller.rb:11: syntax error, unexpected local variable or method, expecting `end'
app/controllers/questions_controller.rb:23: syntax error, unexpected end-of-input, expecting `end'
app/controllers/questions_controller.rb:11: syntax error, unexpected local variable or method, expecting `end'
app/controllers/questions_controller.rb:23: syntax error, unexpected end-of-input, expecting `end'
Started POST "/questions" for 127.0.0.1 at 2022-12-05 23:07:47 +0300
  
SyntaxError (/home/denis/proj/rails/Myapp/app/controllers/questions_controller.rb:23: syntax error, unexpected end-of-input, expecting `end'):
  
app/controllers/questions_controller.rb:23: syntax error, unexpected end-of-input, expecting `end'
app/controllers/questions_controller.rb:23: syntax error, unexpected end-of-input, expecting `end'
app/controllers/questions_controller.rb:23: syntax error, unexpected end-of-input, expecting `end'
Started POST "/questions" for 127.0.0.1 at 2022-12-05 23:08:16 +0300
Processing by QuestionsController#create as HTML
  Parameters: {"authenticity_token"=>"[FILTERED]", "question"=>{"title"=>"For question 3", "body"=>"VBody 3"}, "commit"=>"Submit question"}
Completed 500 Internal Server Error in 18ms (ActiveRecord: 1.3ms | Allocations: 6300)


  
NameError (undefined local variable or method `question' for #<QuestionsController:0x0000000001bd28>

    if question.save
       ^^^^^^^^
Did you mean?  @question):
  
app/controllers/questions_controller.rb:12:in `create'
Started POST "/questions" for 127.0.0.1 at 2022-12-05 23:09:16 +0300
Processing by QuestionsController#create as HTML
  Parameters: {"authenticity_token"=>"[FILTERED]", "question"=>{"title"=>"For question 3", "body"=>"VBody 3"}, "commit"=>"Submit question"}
  [1m[36mTRANSACTION (0.1ms)[0m  [1m[36mbegin transaction[0m
  ↳ app/controllers/questions_controller.rb:12:in `create'
  [1m[36mQuestion Create (0.5ms)[0m  [1m[32mINSERT INTO "questions" ("title", "body", "created_at", "updated_at") VALUES (?, ?, ?, ?)[0m  [["title", "For question 3"], ["body", "VBody 3"], ["created_at", "2022-12-05 20:09:16.599322"], ["updated_at", "2022-12-05 20:09:16.599322"]]
  ↳ app/controllers/questions_controller.rb:12:in `create'
  [1m[36mTRANSACTION (5.3ms)[0m  [1m[36mcommit transaction[0m
  ↳ app/controllers/questions_controller.rb:12:in `create'
Redirected to http://localhost:3000/questions
Completed 302 Found in 23ms (ActiveRecord: 7.1ms | Allocations: 6249)


Started GET "/questions" for 127.0.0.1 at 2022-12-05 23:09:16 +0300
Processing by QuestionsController#index as HTML
  Rendering layout layouts/application.html.erb
  Rendering questions/index.html.erb within layouts/application
  [1m[36mQuestion Load (0.2ms)[0m  [1m[34mSELECT "questions".* FROM "questions"[0m
  ↳ app/views/questions/index.html.erb:3
  Rendered questions/index.html.erb within layouts/application (Duration: 6.1ms | Allocations: 1103)
  Rendered layout layouts/application.html.erb (Duration: 47.3ms | Allocations: 14262)
Completed 200 OK in 51ms (Views: 49.3ms | ActiveRecord: 0.2ms | Allocations: 15170)


Started GET "/questions/new" for 127.0.0.1 at 2022-12-05 23:10:54 +0300
Processing by QuestionsController#new as HTML
  Rendering layout layouts/application.html.erb
  Rendering questions/new.html.erb within layouts/application
  Rendered questions/new.html.erb within layouts/application (Duration: 22.0ms | Allocations: 7615)
  Rendered layout layouts/application.html.erb (Duration: 27.4ms | Allocations: 10347)
Completed 200 OK in 30ms (Views: 29.3ms | ActiveRecord: 0.0ms | Allocations: 11150)


Started POST "/questions" for 127.0.0.1 at 2022-12-05 23:10:57 +0300
Processing by QuestionsController#create as HTML
  Parameters: {"authenticity_token"=>"[FILTERED]", "question"=>{"title"=>"", "body"=>""}, "commit"=>"Submit question"}
  Rendering layout layouts/application.html.erb
  Rendering questions/new.html.erb within layouts/application
  Rendered questions/new.html.erb within layouts/application (Duration: 10.7ms | Allocations: 3183)
  Rendered layout layouts/application.html.erb (Duration: 16.2ms | Allocations: 5474)
Completed 200 OK in 18ms (Views: 16.8ms | ActiveRecord: 0.0ms | Allocations: 6640)


Started POST "/questions" for 127.0.0.1 at 2022-12-05 23:10:59 +0300
Processing by QuestionsController#create as HTML
  Parameters: {"authenticity_token"=>"[FILTERED]", "question"=>{"title"=>"", "body"=>""}, "commit"=>"Submit question"}
  Rendering layout layouts/application.html.erb
  Rendering questions/new.html.erb within layouts/application
  Rendered questions/new.html.erb within layouts/application (Duration: 10.7ms | Allocations: 2925)
  Rendered layout layouts/application.html.erb (Duration: 15.9ms | Allocations: 5215)
Completed 200 OK in 18ms (Views: 16.9ms | ActiveRecord: 0.0ms | Allocations: 6241)


Started GET "/questions" for 127.0.0.1 at 2022-12-05 23:11:50 +0300
Processing by QuestionsController#index as HTML
  Rendering layout layouts/application.html.erb
  Rendering questions/index.html.erb within layouts/application
  [1m[36mQuestion Load (0.1ms)[0m  [1m[34mSELECT "questions".* FROM "questions"[0m
  ↳ app/views/questions/index.html.erb:3
  Rendered questions/index.html.erb within layouts/application (Duration: 2.3ms | Allocations: 957)
  Rendered layout layouts/application.html.erb (Duration: 9.3ms | Allocations: 3969)
Completed 200 OK in 12ms (Views: 10.8ms | ActiveRecord: 0.1ms | Allocations: 4767)


Started GET "/" for 127.0.0.1 at 2022-12-05 23:12:00 +0300
Processing by PagesController#index as HTML
  Rendering layout layouts/application.html.erb
  Rendering pages/index.html.erb within layouts/application
  Rendered pages/index.html.erb within layouts/application (Duration: 0.8ms | Allocations: 144)
  Rendered layout layouts/application.html.erb (Duration: 10.3ms | Allocations: 2945)
Completed 200 OK in 13ms (Views: 12.2ms | ActiveRecord: 0.0ms | Allocations: 3642)


Started GET "/questions" for 127.0.0.1 at 2022-12-05 23:12:10 +0300
Processing by QuestionsController#index as HTML
  Rendering layout layouts/application.html.erb
  Rendering questions/index.html.erb within layouts/application
  [1m[36mQuestion Load (0.2ms)[0m  [1m[34mSELECT "questions".* FROM "questions"[0m
  ↳ app/views/questions/index.html.erb:3
  Rendered questions/index.html.erb within layouts/application (Duration: 2.7ms | Allocations: 722)
  Rendered layout layouts/application.html.erb (Duration: 9.9ms | Allocations: 3248)
Completed 200 OK in 12ms (Views: 10.9ms | ActiveRecord: 0.2ms | Allocations: 3517)


Started GET "/questions" for 127.0.0.1 at 2022-12-05 23:12:31 +0300
Processing by QuestionsController#index as HTML
  Rendering layout layouts/application.html.erb
  Rendering questions/index.html.erb within layouts/application
  [1m[36mQuestion Load (0.1ms)[0m  [1m[34mSELECT "questions".* FROM "questions"[0m
  ↳ app/views/questions/index.html.erb:3
  Rendered questions/index.html.erb within layouts/application (Duration: 2.3ms | Allocations: 947)
  Rendered layout layouts/application.html.erb (Duration: 9.8ms | Allocations: 3959)
Completed 200 OK in 13ms (Views: 11.7ms | ActiveRecord: 0.1ms | Allocations: 4739)


Started GET "/questions" for 127.0.0.1 at 2022-12-05 23:12:58 +0300
Processing by QuestionsController#index as HTML
  Rendering layout layouts/application.html.erb
  Rendering questions/index.html.erb within layouts/application
  [1m[36mQuestion Load (0.2ms)[0m  [1m[34mSELECT "questions".* FROM "questions"[0m
  ↳ app/views/questions/index.html.erb:3
  Rendered questions/index.html.erb within layouts/application (Duration: 4.3ms | Allocations: 950)
  Rendered layout layouts/application.html.erb (Duration: 12.8ms | Allocations: 3996)
Completed 200 OK in 15ms (Views: 14.3ms | ActiveRecord: 0.2ms | Allocations: 4783)


Started GET "/questions" for 127.0.0.1 at 2022-12-05 23:21:12 +0300
Processing by QuestionsController#index as HTML
  Rendering layout layouts/application.html.erb
  Rendering questions/index.html.erb within layouts/application
  [1m[36mQuestion Load (0.1ms)[0m  [1m[34mSELECT "questions".* FROM "questions"[0m
  ↳ app/views/questions/index.html.erb:3
  Rendered questions/index.html.erb within layouts/application (Duration: 6.4ms | Allocations: 2532)
  Rendered layout layouts/application.html.erb (Duration: 12.9ms | Allocations: 5528)
Completed 200 OK in 18ms (Views: 14.8ms | ActiveRecord: 0.4ms | Allocations: 7264)


Started GET "/questions/2/edit" for 127.0.0.1 at 2022-12-05 23:21:28 +0300
Processing by QuestionsController#edit as HTML
  Parameters: {"id"=>"2"}
  [1m[36mQuestion Load (0.4ms)[0m  [1m[34mSELECT "questions".* FROM "questions" WHERE "questions"."id" = ? LIMIT ?[0m  [["id", 2], ["LIMIT", 1]]
  ↳ app/controllers/questions_controller.rb:3:in `edit'
  Rendering layout layouts/application.html.erb
  Rendering questions/edit.html.erb within layouts/application
  Rendered questions/edit.html.erb within layouts/application (Duration: 0.7ms | Allocations: 102)
  Rendered layout layouts/application.html.erb (Duration: 7.5ms | Allocations: 2799)
Completed 200 OK in 16ms (Views: 8.7ms | ActiveRecord: 0.4ms | Allocations: 5431)


Started GET "/questions/2/edit" for 127.0.0.1 at 2022-12-05 23:21:47 +0300
Processing by QuestionsController#edit as HTML
  Parameters: {"id"=>"2"}
  [1m[36mQuestion Load (0.2ms)[0m  [1m[34mSELECT "questions".* FROM "questions" WHERE "questions"."id" = ? LIMIT ?[0m  [["id", 2], ["LIMIT", 1]]
  ↳ app/controllers/questions_controller.rb:3:in `edit'
  Rendering layout layouts/application.html.erb
  Rendering questions/edit.html.erb within layouts/application
  Rendered questions/edit.html.erb within layouts/application (Duration: 0.1ms | Allocations: 7)
  Rendered layout layouts/application.html.erb (Duration: 8.4ms | Allocations: 2501)
Completed 200 OK in 12ms (Views: 9.4ms | ActiveRecord: 0.2ms | Allocations: 3218)


Started GET "/questions/2/edit" for 127.0.0.1 at 2022-12-05 23:23:38 +0300
Processing by QuestionsController#edit as HTML
  Parameters: {"id"=>"2"}
  [1m[36mQuestion Load (0.2ms)[0m  [1m[34mSELECT "questions".* FROM "questions" WHERE "questions"."id" = ? LIMIT ?[0m  [["id", 2], ["LIMIT", 1]]
  ↳ app/controllers/questions_controller.rb:3:in `edit'
  Rendering layout layouts/application.html.erb
  Rendering questions/edit.html.erb within layouts/application
  Rendered questions/edit.html.erb within layouts/application (Duration: 0.1ms | Allocations: 12)
  Rendered layout layouts/application.html.erb (Duration: 5.4ms | Allocations: 2805)
Completed 200 OK in 15ms (Views: 6.6ms | ActiveRecord: 1.2ms | Allocations: 7090)


Started GET "/questions/2/edit" for 127.0.0.1 at 2022-12-05 23:24:17 +0300
Processing by QuestionsController#edit as HTML
  Parameters: {"id"=>"2"}
  [1m[36mQuestion Load (0.1ms)[0m  [1m[34mSELECT "questions".* FROM "questions" WHERE "questions"."id" = ? LIMIT ?[0m  [["id", 2], ["LIMIT", 1]]
  ↳ app/controllers/questions_controller.rb:3:in `edit'
  Rendering layout layouts/application.html.erb
  Rendering questions/edit.html.erb within layouts/application
  Rendered questions/edit.html.erb within layouts/application (Duration: 0.1ms | Allocations: 7)
  Rendered layout layouts/application.html.erb (Duration: 17.6ms | Allocations: 2528)
Completed 200 OK in 21ms (Views: 18.8ms | ActiveRecord: 0.1ms | Allocations: 3311)


Started GET "/questions/2/edit" for 127.0.0.1 at 2022-12-05 23:24:49 +0300
Processing by QuestionsController#edit as HTML
  Parameters: {"id"=>"2"}
  [1m[36mQuestion Load (0.2ms)[0m  [1m[34mSELECT "questions".* FROM "questions" WHERE "questions"."id" = ? LIMIT ?[0m  [["id", 2], ["LIMIT", 1]]
  ↳ app/controllers/questions_controller.rb:3:in `edit'
  Rendering layout layouts/application.html.erb
  Rendering questions/edit.html.erb within layouts/application
  Rendered questions/edit.html.erb within layouts/application (Duration: 4.3ms | Allocations: 1474)
  Rendered layout layouts/application.html.erb (Duration: 14.6ms | Allocations: 4197)
Completed 200 OK in 20ms (Views: 17.3ms | ActiveRecord: 0.2ms | Allocations: 5457)


Started PATCH "/questions/2" for 127.0.0.1 at 2022-12-05 23:27:32 +0300
Processing by QuestionsController#update as HTML
  Parameters: {"authenticity_token"=>"[FILTERED]", "question"=>{"title"=>"Fixed update", "body"=>"new body 3"}, "commit"=>"Submit question", "id"=>"2"}
  [1m[36mQuestion Load (0.1ms)[0m  [1m[34mSELECT "questions".* FROM "questions" WHERE "questions"."id" = ? LIMIT ?[0m  [["id", 2], ["LIMIT", 1]]
  ↳ app/controllers/questions_controller.rb:7:in `update'
Completed 500 Internal Server Error in 23ms (ActiveRecord: 1.0ms | Allocations: 7262)


  
NameError (undefined local variable or method `auestion_params' for #<QuestionsController:0x0000000002b4d0>

    if @question.update auestion_params
                        ^^^^^^^^^^^^^^^
Did you mean?  question_params):
  
app/controllers/questions_controller.rb:8:in `update'
Started PATCH "/questions/2" for 127.0.0.1 at 2022-12-05 23:28:49 +0300
Processing by QuestionsController#update as HTML
  Parameters: {"authenticity_token"=>"[FILTERED]", "question"=>{"title"=>"Fixed update", "body"=>"new body 3"}, "commit"=>"Submit question", "id"=>"2"}
  [1m[36mQuestion Load (0.1ms)[0m  [1m[34mSELECT "questions".* FROM "questions" WHERE "questions"."id" = ? LIMIT ?[0m  [["id", 2], ["LIMIT", 1]]
  ↳ app/controllers/questions_controller.rb:7:in `update'
  [1m[36mTRANSACTION (0.1ms)[0m  [1m[36mbegin transaction[0m
  ↳ app/controllers/questions_controller.rb:8:in `update'
  [1m[36mQuestion Update (0.5ms)[0m  [1m[33mUPDATE "questions" SET "title" = ?, "body" = ?, "updated_at" = ? WHERE "questions"."id" = ?[0m  [["title", "Fixed update"], ["body", "new body 3"], ["updated_at", "2022-12-05 20:28:50.030584"], ["id", 2]]
  ↳ app/controllers/questions_controller.rb:8:in `update'
  [1m[36mTRANSACTION (5.2ms)[0m  [1m[36mcommit transaction[0m
  ↳ app/controllers/questions_controller.rb:8:in `update'
Redirected to http://localhost:3000/questions
Completed 302 Found in 23ms (ActiveRecord: 7.0ms | Allocations: 6575)


Started GET "/questions" for 127.0.0.1 at 2022-12-05 23:28:50 +0300
Processing by QuestionsController#index as HTML
  Rendering layout layouts/application.html.erb
  Rendering questions/index.html.erb within layouts/application
  [1m[36mQuestion Load (0.2ms)[0m  [1m[34mSELECT "questions".* FROM "questions"[0m
  ↳ app/views/questions/index.html.erb:3
  Rendered questions/index.html.erb within layouts/application (Duration: 4.1ms | Allocations: 1147)
  Rendered layout layouts/application.html.erb (Duration: 9.6ms | Allocations: 3924)
Completed 200 OK in 11ms (Views: 10.5ms | ActiveRecord: 0.2ms | Allocations: 4528)


Started GET "/questions" for 127.0.0.1 at 2022-12-05 23:32:15 +0300
Processing by QuestionsController#index as HTML
  Rendering layout layouts/application.html.erb
  Rendering questions/index.html.erb within layouts/application
  [1m[36mQuestion Load (0.3ms)[0m  [1m[34mSELECT "questions".* FROM "questions"[0m
  ↳ app/views/questions/index.html.erb:3
  Rendered questions/index.html.erb within layouts/application (Duration: 5.5ms | Allocations: 1087)
  Rendered layout layouts/application.html.erb (Duration: 14.4ms | Allocations: 4037)
Completed 200 OK in 18ms (Views: 16.6ms | ActiveRecord: 0.3ms | Allocations: 4843)


Started GET "/questions/2/edit" for 127.0.0.1 at 2022-12-05 23:32:23 +0300
Processing by QuestionsController#edit as HTML
  Parameters: {"id"=>"2"}
  [1m[36mQuestion Load (0.1ms)[0m  [1m[34mSELECT "questions".* FROM "questions" WHERE "questions"."id" = ? LIMIT ?[0m  [["id", 2], ["LIMIT", 1]]
  ↳ app/controllers/questions_controller.rb:3:in `edit'
  Rendering layout layouts/application.html.erb
  Rendering questions/edit.html.erb within layouts/application
  Rendered questions/_form.html.erb (Duration: 3.3ms | Allocations: 1314)
  Rendered questions/edit.html.erb within layouts/application (Duration: 4.3ms | Allocations: 1523)
  Rendered layout layouts/application.html.erb (Duration: 9.6ms | Allocations: 3813)
Completed 200 OK in 13ms (Views: 11.0ms | ActiveRecord: 0.1ms | Allocations: 4621)


Started GET "/questions" for 127.0.0.1 at 2022-12-05 23:32:54 +0300
Processing by QuestionsController#index as HTML
  Rendering layout layouts/application.html.erb
  Rendering questions/index.html.erb within layouts/application
  [1m[36mQuestion Load (0.2ms)[0m  [1m[34mSELECT "questions".* FROM "questions"[0m
  ↳ app/views/questions/index.html.erb:3
  Rendered questions/index.html.erb within layouts/application (Duration: 4.4ms | Allocations: 1087)
  Rendered layout layouts/application.html.erb (Duration: 11.5ms | Allocations: 4037)
Completed 200 OK in 15ms (Views: 13.9ms | ActiveRecord: 0.2ms | Allocations: 4804)


Started GET "/questions/3/edit" for 127.0.0.1 at 2022-12-05 23:33:04 +0300
Processing by QuestionsController#edit as HTML
  Parameters: {"id"=>"3"}
  [1m[36mQuestion Load (0.1ms)[0m  [1m[34mSELECT "questions".* FROM "questions" WHERE "questions"."id" = ? LIMIT ?[0m  [["id", 3], ["LIMIT", 1]]
  ↳ app/controllers/questions_controller.rb:3:in `edit'
  Rendering layout layouts/application.html.erb
  Rendering questions/edit.html.erb within layouts/application
  Rendered questions/_form.html.erb (Duration: 4.7ms | Allocations: 1293)
  Rendered questions/edit.html.erb within layouts/application (Duration: 6.1ms | Allocations: 1502)
  Rendered layout layouts/application.html.erb (Duration: 10.4ms | Allocations: 3792)
Completed 200 OK in 14ms (Views: 11.3ms | ActiveRecord: 0.1ms | Allocations: 4599)


Started PATCH "/questions/3" for 127.0.0.1 at 2022-12-05 23:33:05 +0300
Processing by QuestionsController#update as HTML
  Parameters: {"authenticity_token"=>"[FILTERED]", "question"=>{"title"=>"For question 3", "body"=>"VBody 3"}, "commit"=>"Submit question", "id"=>"3"}
  [1m[36mQuestion Load (0.1ms)[0m  [1m[34mSELECT "questions".* FROM "questions" WHERE "questions"."id" = ? LIMIT ?[0m  [["id", 3], ["LIMIT", 1]]
  ↳ app/controllers/questions_controller.rb:7:in `update'
Redirected to http://localhost:3000/questions
Completed 302 Found in 4ms (ActiveRecord: 0.1ms | Allocations: 1097)


Started GET "/questions" for 127.0.0.1 at 2022-12-05 23:33:05 +0300
Processing by QuestionsController#index as HTML
  Rendering layout layouts/application.html.erb
  Rendering questions/index.html.erb within layouts/application
  [1m[36mQuestion Load (0.1ms)[0m  [1m[34mSELECT "questions".* FROM "questions"[0m
  ↳ app/views/questions/index.html.erb:3
  Rendered questions/index.html.erb within layouts/application (Duration: 2.6ms | Allocations: 711)
  Rendered layout layouts/application.html.erb (Duration: 9.2ms | Allocations: 3206)
Completed 200 OK in 11ms (Views: 9.7ms | ActiveRecord: 0.1ms | Allocations: 3452)


Started GET "/questions" for 127.0.0.1 at 2022-12-05 23:35:28 +0300
Processing by QuestionsController#index as HTML
  Rendering layout layouts/application.html.erb
  Rendering questions/index.html.erb within layouts/application
  [1m[36mQuestion Load (0.1ms)[0m  [1m[34mSELECT "questions".* FROM "questions"[0m
  ↳ app/views/questions/index.html.erb:3
  Rendered questions/index.html.erb within layouts/application (Duration: 11.4ms | Allocations: 3052)
  Rendered layout layouts/application.html.erb (Duration: 18.3ms | Allocations: 6051)
Completed 200 OK in 23ms (Views: 19.7ms | ActiveRecord: 1.1ms | Allocations: 7787)


Started DELETE "/questions/3" for 127.0.0.1 at 2022-12-05 23:37:15 +0300
Processing by QuestionsController#destroy as HTML
  Parameters: {"authenticity_token"=>"[FILTERED]", "id"=>"3"}
  [1m[36mQuestion Load (0.3ms)[0m  [1m[34mSELECT "questions".* FROM "questions" WHERE "questions"."id" = ? LIMIT ?[0m  [["id", 3], ["LIMIT", 1]]
  ↳ app/controllers/questions_controller.rb:4:in `destroy'
  [1m[36mTRANSACTION (0.1ms)[0m  [1m[36mbegin transaction[0m
  ↳ app/controllers/questions_controller.rb:5:in `destroy'
  [1m[36mQuestion Destroy (0.3ms)[0m  [1m[31mDELETE FROM "questions" WHERE "questions"."id" = ?[0m  [["id", 3]]
  ↳ app/controllers/questions_controller.rb:5:in `destroy'
  [1m[36mTRANSACTION (7.7ms)[0m  [1m[36mcommit transaction[0m
  ↳ app/controllers/questions_controller.rb:5:in `destroy'
Redirected to http://localhost:3000/questions
Completed 302 Found in 100ms (ActiveRecord: 26.0ms | Allocations: 5818)


Started GET "/questions" for 127.0.0.1 at 2022-12-05 23:37:15 +0300
Processing by QuestionsController#index as HTML
  Rendering layout layouts/application.html.erb
  Rendering questions/index.html.erb within layouts/application
  [1m[36mQuestion Load (0.5ms)[0m  [1m[34mSELECT "questions".* FROM "questions"[0m
  ↳ app/views/questions/index.html.erb:3
  Rendered questions/index.html.erb within layouts/application (Duration: 5.3ms | Allocations: 918)
  Rendered layout layouts/application.html.erb (Duration: 12.1ms | Allocations: 3695)
Completed 200 OK in 14ms (Views: 12.9ms | ActiveRecord: 0.5ms | Allocations: 4232)


Started GET "/questions" for 127.0.0.1 at 2022-12-05 23:39:01 +0300
Processing by QuestionsController#index as HTML
  Rendering layout layouts/application.html.erb
  Rendering questions/index.html.erb within layouts/application
  [1m[36mQuestion Load (0.2ms)[0m  [1m[34mSELECT "questions".* FROM "questions"[0m
  ↳ app/views/questions/index.html.erb:3
  Rendered questions/index.html.erb within layouts/application (Duration: 10.4ms | Allocations: 2917)
  Rendered layout layouts/application.html.erb (Duration: 16.1ms | Allocations: 5882)
Completed 200 OK in 21ms (Views: 18.1ms | ActiveRecord: 1.3ms | Allocations: 7617)


Started GET "/questions/2" for 127.0.0.1 at 2022-12-05 23:39:02 +0300
Processing by QuestionsController#show as HTML
  Parameters: {"id"=>"2"}
  [1m[36mQuestion Load (0.3ms)[0m  [1m[34mSELECT "questions".* FROM "questions" WHERE "questions"."id" = ? LIMIT ?[0m  [["id", 2], ["LIMIT", 1]]
  ↳ app/controllers/questions_controller.rb:3:in `show'
Completed 406 Not Acceptable in 7ms (ActiveRecord: 0.3ms | Allocations: 1769)


  
ActionController::MissingExactTemplate (QuestionsController#show is missing a template for request formats: text/html):
  
actionpack (7.0.4) lib/action_controller/metal/implicit_render.rb:45:in `default_render'
actionpack (7.0.4) lib/action_controller/metal/basic_implicit_render.rb:6:in `block in send_action'
<internal:kernel>:90:in `tap'
actionpack (7.0.4) lib/action_controller/metal/basic_implicit_render.rb:6:in `send_action'
actionpack (7.0.4) lib/abstract_controller/base.rb:215:in `process_action'
actionpack (7.0.4) lib/action_controller/metal/rendering.rb:53:in `process_action'
actionpack (7.0.4) lib/abstract_controller/callbacks.rb:234:in `block in process_action'
activesupport (7.0.4) lib/active_support/callbacks.rb:118:in `block in run_callbacks'
actiontext (7.0.4) lib/action_text/rendering.rb:20:in `with_renderer'
actiontext (7.0.4) lib/action_text/engine.rb:69:in `block (4 levels) in <class:Engine>'
activesupport (7.0.4) lib/active_support/callbacks.rb:127:in `instance_exec'
activesupport (7.0.4) lib/active_support/callbacks.rb:127:in `block in run_callbacks'
activesupport (7.0.4) lib/active_support/callbacks.rb:138:in `run_callbacks'
actionpack (7.0.4) lib/abstract_controller/callbacks.rb:233:in `process_action'
actionpack (7.0.4) lib/action_controller/metal/rescue.rb:22:in `process_action'
actionpack (7.0.4) lib/action_controller/metal/instrumentation.rb:67:in `block in process_action'
activesupport (7.0.4) lib/active_support/notifications.rb:206:in `block in instrument'
activesupport (7.0.4) lib/active_support/notifications/instrumenter.rb:24:in `instrument'
activesupport (7.0.4) lib/active_support/notifications.rb:206:in `instrument'
actionpack (7.0.4) lib/action_controller/metal/instrumentation.rb:66:in `process_action'
actionpack (7.0.4) lib/action_controller/metal/params_wrapper.rb:259:in `process_action'
activerecord (7.0.4) lib/active_record/railties/controller_runtime.rb:27:in `process_action'
actionpack (7.0.4) lib/abstract_controller/base.rb:151:in `process'
actionview (7.0.4) lib/action_view/rendering.rb:39:in `process'
actionpack (7.0.4) lib/action_controller/metal.rb:188:in `dispatch'
actionpack (7.0.4) lib/action_controller/metal.rb:251:in `dispatch'
actionpack (7.0.4) lib/action_dispatch/routing/route_set.rb:49:in `dispatch'
actionpack (7.0.4) lib/action_dispatch/routing/route_set.rb:32:in `serve'
actionpack (7.0.4) lib/action_dispatch/journey/router.rb:50:in `block in serve'
actionpack (7.0.4) lib/action_dispatch/journey/router.rb:32:in `each'
actionpack (7.0.4) lib/action_dispatch/journey/router.rb:32:in `serve'
actionpack (7.0.4) lib/action_dispatch/routing/route_set.rb:852:in `call'
rack (2.2.4) lib/rack/tempfile_reaper.rb:15:in `call'
rack (2.2.4) lib/rack/etag.rb:27:in `call'
rack (2.2.4) lib/rack/conditional_get.rb:27:in `call'
rack (2.2.4) lib/rack/head.rb:12:in `call'
actionpack (7.0.4) lib/action_dispatch/http/permissions_policy.rb:38:in `call'
actionpack (7.0.4) lib/action_dispatch/http/content_security_policy.rb:36:in `call'
rack (2.2.4) lib/rack/session/abstract/id.rb:266:in `context'
rack (2.2.4) lib/rack/session/abstract/id.rb:260:in `call'
actionpack (7.0.4) lib/action_dispatch/middleware/cookies.rb:696:in `call'
activerecord (7.0.4) lib/active_record/migration.rb:603:in `call'
actionpack (7.0.4) lib/action_dispatch/middleware/callbacks.rb:27:in `block in call'
activesupport (7.0.4) lib/active_support/callbacks.rb:99:in `run_callbacks'
actionpack (7.0.4) lib/action_dispatch/middleware/callbacks.rb:26:in `call'
actionpack (7.0.4) lib/action_dispatch/middleware/executor.rb:14:in `call'
actionpack (7.0.4) lib/action_dispatch/middleware/actionable_exceptions.rb:17:in `call'
actionpack (7.0.4) lib/action_dispatch/middleware/debug_exceptions.rb:28:in `call'
web-console (4.2.0) lib/web_console/middleware.rb:132:in `call_app'
web-console (4.2.0) lib/web_console/middleware.rb:28:in `block in call'
web-console (4.2.0) lib/web_console/middleware.rb:17:in `catch'
web-console (4.2.0) lib/web_console/middleware.rb:17:in `call'
actionpack (7.0.4) lib/action_dispatch/middleware/show_exceptions.rb:26:in `call'
railties (7.0.4) lib/rails/rack/logger.rb:40:in `call_app'
railties (7.0.4) lib/rails/rack/logger.rb:25:in `block in call'
activesupport (7.0.4) lib/active_support/tagged_logging.rb:99:in `block in tagged'
activesupport (7.0.4) lib/active_support/tagged_logging.rb:37:in `tagged'
activesupport (7.0.4) lib/active_support/tagged_logging.rb:99:in `tagged'
railties (7.0.4) lib/rails/rack/logger.rb:25:in `call'
sprockets-rails (3.4.2) lib/sprockets/rails/quiet_assets.rb:13:in `call'
actionpack (7.0.4) lib/action_dispatch/middleware/remote_ip.rb:93:in `call'
actionpack (7.0.4) lib/action_dispatch/middleware/request_id.rb:26:in `call'
rack (2.2.4) lib/rack/method_override.rb:24:in `call'
rack (2.2.4) lib/rack/runtime.rb:22:in `call'
activesupport (7.0.4) lib/active_support/cache/strategy/local_cache_middleware.rb:29:in `call'
actionpack (7.0.4) lib/action_dispatch/middleware/server_timing.rb:61:in `block in call'
actionpack (7.0.4) lib/action_dispatch/middleware/server_timing.rb:26:in `collect_events'
actionpack (7.0.4) lib/action_dispatch/middleware/server_timing.rb:60:in `call'
actionpack (7.0.4) lib/action_dispatch/middleware/executor.rb:14:in `call'
actionpack (7.0.4) lib/action_dispatch/middleware/static.rb:23:in `call'
rack (2.2.4) lib/rack/sendfile.rb:110:in `call'
actionpack (7.0.4) lib/action_dispatch/middleware/host_authorization.rb:137:in `call'
railties (7.0.4) lib/rails/engine.rb:530:in `call'
puma (5.6.5) lib/puma/configuration.rb:252:in `call'
puma (5.6.5) lib/puma/request.rb:77:in `block in handle_request'
puma (5.6.5) lib/puma/thread_pool.rb:340:in `with_force_shutdown'
puma (5.6.5) lib/puma/request.rb:76:in `handle_request'
puma (5.6.5) lib/puma/server.rb:443:in `process_client'
puma (5.6.5) lib/puma/thread_pool.rb:147:in `block in spawn_thread'
Started GET "/questions" for 127.0.0.1 at 2022-12-05 23:42:37 +0300
Processing by QuestionsController#index as HTML
  Rendering layout layouts/application.html.erb
  Rendering questions/index.html.erb within layouts/application
  [1m[36mQuestion Load (0.1ms)[0m  [1m[34mSELECT "questions".* FROM "questions"[0m
  ↳ app/views/questions/index.html.erb:3
  Rendered questions/index.html.erb within layouts/application (Duration: 3.2ms | Allocations: 1138)
  Rendered layout layouts/application.html.erb (Duration: 11.1ms | Allocations: 4135)
Completed 200 OK in 15ms (Views: 13.4ms | ActiveRecord: 0.1ms | Allocations: 4911)


Started GET "/questions" for 127.0.0.1 at 2022-12-05 23:42:38 +0300
Processing by QuestionsController#index as HTML
  Rendering layout layouts/application.html.erb
  Rendering questions/index.html.erb within layouts/application
  [1m[36mQuestion Load (0.1ms)[0m  [1m[34mSELECT "questions".* FROM "questions"[0m
  ↳ app/views/questions/index.html.erb:3
  Rendered questions/index.html.erb within layouts/application (Duration: 1.6ms | Allocations: 716)
  Rendered layout layouts/application.html.erb (Duration: 9.4ms | Allocations: 3220)
Completed 200 OK in 10ms (Views: 9.9ms | ActiveRecord: 0.1ms | Allocations: 3488)


Started GET "/questions" for 127.0.0.1 at 2022-12-05 23:42:39 +0300
Processing by QuestionsController#index as HTML
  Rendering layout layouts/application.html.erb
  Rendering questions/index.html.erb within layouts/application
  [1m[36mQuestion Load (0.1ms)[0m  [1m[34mSELECT "questions".* FROM "questions"[0m
  ↳ app/views/questions/index.html.erb:3
  Rendered questions/index.html.erb within layouts/application (Duration: 2.0ms | Allocations: 716)
  Rendered layout layouts/application.html.erb (Duration: 7.1ms | Allocations: 3220)
Completed 200 OK in 10ms (Views: 10.0ms | ActiveRecord: 0.1ms | Allocations: 3466)


Started GET "/questions" for 127.0.0.1 at 2022-12-05 23:42:42 +0300
Processing by QuestionsController#index as HTML
  Rendering layout layouts/application.html.erb
  Rendering questions/index.html.erb within layouts/application
  [1m[36mQuestion Load (0.2ms)[0m  [1m[34mSELECT "questions".* FROM "questions"[0m
  ↳ app/views/questions/index.html.erb:3
  Rendered questions/index.html.erb within layouts/application (Duration: 2.5ms | Allocations: 716)
  Rendered layout layouts/application.html.erb (Duration: 9.2ms | Allocations: 3205)
Completed 200 OK in 11ms (Views: 10.0ms | ActiveRecord: 0.2ms | Allocations: 3451)


Started GET "/questions/new" for 127.0.0.1 at 2022-12-05 23:42:51 +0300
Processing by QuestionsController#new as HTML
  Rendering layout layouts/application.html.erb
  Rendering questions/new.html.erb within layouts/application
  Rendered questions/_form.html.erb (Duration: 5.2ms | Allocations: 1262)
  Rendered questions/new.html.erb within layouts/application (Duration: 6.1ms | Allocations: 1472)
  Rendered layout layouts/application.html.erb (Duration: 11.7ms | Allocations: 3808)
Completed 200 OK in 13ms (Views: 12.5ms | ActiveRecord: 0.0ms | Allocations: 4124)


Started POST "/questions" for 127.0.0.1 at 2022-12-05 23:42:54 +0300
Processing by QuestionsController#create as HTML
  Parameters: {"authenticity_token"=>"[FILTERED]", "question"=>{"title"=>"4", "body"=>"4"}, "commit"=>"Submit question"}
  Rendering layout layouts/application.html.erb
  Rendering questions/new.html.erb within layouts/application
  Rendered questions/_form.html.erb (Duration: 7.4ms | Allocations: 1897)
  Rendered questions/new.html.erb within layouts/application (Duration: 7.8ms | Allocations: 1957)
  Rendered layout layouts/application.html.erb (Duration: 13.5ms | Allocations: 4247)
Completed 200 OK in 17ms (Views: 14.1ms | ActiveRecord: 0.0ms | Allocations: 5440)


Started POST "/questions" for 127.0.0.1 at 2022-12-05 23:43:00 +0300
Processing by QuestionsController#create as HTML
  Parameters: {"authenticity_token"=>"[FILTERED]", "question"=>{"title"=>"4", "body"=>"4"}, "commit"=>"Submit question"}
  Rendering layout layouts/application.html.erb
  Rendering questions/new.html.erb within layouts/application
  Rendered questions/_form.html.erb (Duration: 7.4ms | Allocations: 1879)
  Rendered questions/new.html.erb within layouts/application (Duration: 7.9ms | Allocations: 1939)
  Rendered layout layouts/application.html.erb (Duration: 14.9ms | Allocations: 4229)
Completed 200 OK in 19ms (Views: 16.0ms | ActiveRecord: 0.0ms | Allocations: 5251)


Started POST "/questions" for 127.0.0.1 at 2022-12-05 23:43:13 +0300
Processing by QuestionsController#create as HTML
  Parameters: {"authenticity_token"=>"[FILTERED]", "question"=>{"title"=>"Title 4", "body"=>"Body 4"}, "commit"=>"Submit question"}
  [1m[36mTRANSACTION (0.1ms)[0m  [1m[36mbegin transaction[0m
  ↳ app/controllers/questions_controller.rb:35:in `create'
  [1m[36mQuestion Create (0.9ms)[0m  [1m[32mINSERT INTO "questions" ("title", "body", "created_at", "updated_at") VALUES (?, ?, ?, ?)[0m  [["title", "Title 4"], ["body", "Body 4"], ["created_at", "2022-12-05 20:43:13.551828"], ["updated_at", "2022-12-05 20:43:13.551828"]]
  ↳ app/controllers/questions_controller.rb:35:in `create'
  [1m[36mTRANSACTION (5.5ms)[0m  [1m[36mcommit transaction[0m
  ↳ app/controllers/questions_controller.rb:35:in `create'
Redirected to http://localhost:3000/questions
Completed 302 Found in 21ms (ActiveRecord: 6.5ms | Allocations: 2300)


Started GET "/questions" for 127.0.0.1 at 2022-12-05 23:43:13 +0300
Processing by QuestionsController#index as HTML
  Rendering layout layouts/application.html.erb
  Rendering questions/index.html.erb within layouts/application
  [1m[36mQuestion Load (0.2ms)[0m  [1m[34mSELECT "questions".* FROM "questions"[0m
  ↳ app/views/questions/index.html.erb:3
  Rendered questions/index.html.erb within layouts/application (Duration: 3.2ms | Allocations: 883)
  Rendered layout layouts/application.html.erb (Duration: 10.2ms | Allocations: 3387)
Completed 200 OK in 11ms (Views: 10.8ms | ActiveRecord: 0.2ms | Allocations: 3631)


Started GET "/questions" for 127.0.0.1 at 2022-12-05 23:43:16 +0300
Processing by QuestionsController#index as HTML
  Rendering layout layouts/application.html.erb
  Rendering questions/index.html.erb within layouts/application
  [1m[36mQuestion Load (0.1ms)[0m  [1m[34mSELECT "questions".* FROM "questions"[0m
  ↳ app/views/questions/index.html.erb:3
  Rendered questions/index.html.erb within layouts/application (Duration: 2.5ms | Allocations: 883)
  Rendered layout layouts/application.html.erb (Duration: 11.0ms | Allocations: 3390)
Completed 200 OK in 13ms (Views: 12.2ms | ActiveRecord: 0.1ms | Allocations: 3636)


Started GET "/" for 127.0.0.1 at 2022-12-05 23:43:17 +0300
Processing by PagesController#index as HTML
  Rendering layout layouts/application.html.erb
  Rendering pages/index.html.erb within layouts/application
  Rendered pages/index.html.erb within layouts/application (Duration: 0.5ms | Allocations: 140)
  Rendered layout layouts/application.html.erb (Duration: 5.7ms | Allocations: 2956)
Completed 200 OK in 9ms (Views: 7.9ms | ActiveRecord: 0.0ms | Allocations: 3652)


Started GET "/questions" for 127.0.0.1 at 2022-12-05 23:43:18 +0300
Processing by QuestionsController#index as HTML
  Rendering layout layouts/application.html.erb
  Rendering questions/index.html.erb within layouts/application
  [1m[36mQuestion Load (0.2ms)[0m  [1m[34mSELECT "questions".* FROM "questions"[0m
  ↳ app/views/questions/index.html.erb:3
  Rendered questions/index.html.erb within layouts/application (Duration: 3.5ms | Allocations: 974)
  Rendered layout layouts/application.html.erb (Duration: 9.4ms | Allocations: 3463)
Completed 200 OK in 11ms (Views: 10.2ms | ActiveRecord: 0.2ms | Allocations: 3743)


Started GET "/questions/4" for 127.0.0.1 at 2022-12-05 23:43:25 +0300
Processing by QuestionsController#show as HTML
  Parameters: {"id"=>"4"}
  [1m[36mQuestion Load (0.2ms)[0m  [1m[34mSELECT "questions".* FROM "questions" WHERE "questions"."id" = ? LIMIT ?[0m  [["id", 4], ["LIMIT", 1]]
  ↳ app/controllers/questions_controller.rb:3:in `show'
  Rendering layout layouts/application.html.erb
  Rendering questions/show.html.erb within layouts/application
  Rendered questions/show.html.erb within layouts/application (Duration: 0.9ms | Allocations: 188)
  Rendered layout layouts/application.html.erb (Duration: 13.0ms | Allocations: 2694)
Completed 200 OK in 17ms (Views: 13.8ms | ActiveRecord: 0.2ms | Allocations: 3496)


Started GET "/questions/4" for 127.0.0.1 at 2022-12-05 23:44:16 +0300
Processing by QuestionsController#show as HTML
  Parameters: {"id"=>"4"}
  [1m[36mQuestion Load (0.3ms)[0m  [1m[34mSELECT "questions".* FROM "questions" WHERE "questions"."id" = ? LIMIT ?[0m  [["id", 4], ["LIMIT", 1]]
  ↳ app/controllers/questions_controller.rb:3:in `show'
  Rendering layout layouts/application.html.erb
  Rendering questions/show.html.erb within layouts/application
  Rendered questions/show.html.erb within layouts/application (Duration: 0.3ms | Allocations: 82)
  Rendered layout layouts/application.html.erb (Duration: 5.4ms | Allocations: 2920)
Completed 200 OK in 28ms (Views: 6.6ms | ActiveRecord: 1.6ms | Allocations: 7262)


Started GET "/questions" for 127.0.0.1 at 2022-12-05 23:44:17 +0300
Processing by QuestionsController#index as HTML
  Rendering layout layouts/application.html.erb
  Rendering questions/index.html.erb within layouts/application
  [1m[36mQuestion Load (0.3ms)[0m  [1m[34mSELECT "questions".* FROM "questions"[0m
  ↳ app/views/questions/index.html.erb:3
  Rendered questions/index.html.erb within layouts/application (Duration: 5.4ms | Allocations: 1008)
  Rendered layout layouts/application.html.erb (Duration: 11.5ms | Allocations: 3498)
Completed 200 OK in 13ms (Views: 12.4ms | ActiveRecord: 0.3ms | Allocations: 3767)


Started GET "/questions/2/edit" for 127.0.0.1 at 2022-12-05 23:44:19 +0300
Processing by QuestionsController#edit as HTML
  Parameters: {"id"=>"2"}
  [1m[36mQuestion Load (0.1ms)[0m  [1m[34mSELECT "questions".* FROM "questions" WHERE "questions"."id" = ? LIMIT ?[0m  [["id", 2], ["LIMIT", 1]]
  ↳ app/controllers/questions_controller.rb:13:in `edit'
  Rendering layout layouts/application.html.erb
  Rendering questions/edit.html.erb within layouts/application
  Rendered questions/_form.html.erb (Duration: 4.1ms | Allocations: 1103)
  Rendered questions/edit.html.erb within layouts/application (Duration: 5.0ms | Allocations: 1283)
  Rendered layout layouts/application.html.erb (Duration: 12.4ms | Allocations: 3573)
Completed 200 OK in 16ms (Views: 13.6ms | ActiveRecord: 0.1ms | Allocations: 4382)


Started GET "/questions" for 127.0.0.1 at 2022-12-05 23:44:22 +0300
Processing by QuestionsController#index as HTML
  Rendering layout layouts/application.html.erb
  Rendering questions/index.html.erb within layouts/application
  [1m[36mQuestion Load (0.2ms)[0m  [1m[34mSELECT "questions".* FROM "questions"[0m
  ↳ app/views/questions/index.html.erb:3
  Rendered questions/index.html.erb within layouts/application (Duration: 9.5ms | Allocations: 883)
  Rendered layout layouts/application.html.erb (Duration: 18.9ms | Allocations: 3396)
Completed 200 OK in 20ms (Views: 19.7ms | ActiveRecord: 0.2ms | Allocations: 3642)


Started GET "/questions/2" for 127.0.0.1 at 2022-12-05 23:44:24 +0300
Processing by QuestionsController#show as HTML
  Parameters: {"id"=>"2"}
  [1m[36mQuestion Load (0.2ms)[0m  [1m[34mSELECT "questions".* FROM "questions" WHERE "questions"."id" = ? LIMIT ?[0m  [["id", 2], ["LIMIT", 1]]
  ↳ app/controllers/questions_controller.rb:3:in `show'
  Rendering layout layouts/application.html.erb
  Rendering questions/show.html.erb within layouts/application
  Rendered questions/show.html.erb within layouts/application (Duration: 0.2ms | Allocations: 46)
  Rendered layout layouts/application.html.erb (Duration: 6.9ms | Allocations: 2567)
Completed 200 OK in 10ms (Views: 7.5ms | ActiveRecord: 0.2ms | Allocations: 3276)


